<?xml version="1.0" encoding="UTF-8" standalone="yes"?>
<testsuites name="showCaseTestSuite1" time="115" tests="10" failures="0" errors="0">
    <testsuite name="showCaseTestSuite1" tests="10" failures="0" errors="0" time="115" timestamp="2019-10-22 13:45:42" hostname="albert.woloszyn - static.105.255.46.78.clients.your-server.de" id="Test Suites/showCaseTestSuite1">
        <properties>
[...]
</properties>
        <testcase name="Test Cases/QuickHandsOnTestCase1" classname="Test Cases/QuickHandsOnTestCase1" status="PASSED">
            <system-out>2019-10-22 13:45:42 - [TEST_CASE][PASSED] - Test Cases/QuickHandsOnTestCase1: Test Cases/QuickHandsOnTestCase1

2019-10-22 13:45:43 - [TEST_STEP][PASSED] - openBrowser(""): Browser is opened with url: ''

2019-10-22 13:45:43 - [MESSAGE][INFO] - Starting 'Firefox' driver

2019-10-22 13:45:43 - [MESSAGE][INFO] - Action delay is set to 0 seconds

2019-10-22 13:45:48 - [MESSAGE][PASSED] - Browser is opened with url: ''

2019-10-22 13:45:48 - [TEST_STEP][PASSED] - navigateToUrl("http://192.168.56.101/"): Navigate to 'http://192.168.56.101/' successfully

2019-10-22 13:45:49 - [MESSAGE][PASSED] - Navigate to 'http://192.168.56.101/' successfully

2019-10-22 13:45:49 - [TEST_STEP][PASSED] - click(findTestObject("Object Repository/Page_Mad Irish Hacking Academy/a_Contact")): Object: 'Object Repository/Page_Mad Irish Hacking Academy/a_Contact' is clicked on

2019-10-22 13:45:49 - [MESSAGE][PASSED] - Object: 'Object Repository/Page_Mad Irish Hacking Academy/a_Contact' is clicked on

2019-10-22 13:45:49 - [TEST_STEP][PASSED] - verifyTextPresent("Contact", false): Text 'Contact' is present on page 

2019-10-22 13:45:49 - [MESSAGE][PASSED] - Text 'Contact' is present on page 

2019-10-22 13:45:49 - [TEST_STEP][PASSED] - takeScreenshot(): Taking screenshot successfully

2019-10-22 13:45:50 - [MESSAGE][PASSED] - Taking screenshot successfully
[[ATTACHMENT|/Users/albert.woloszyn/Katalon Studio/showCaseDEASP/Reports/20191022_134413/showCaseTestSuite1/20191022_134414/1571748349877.png]]

2019-10-22 13:45:50 - [TEST_STEP][PASSED] - click(findTestObject("Object Repository/Page_Mad Irish Hacking Academy/a_Resources")): Object: 'Object Repository/Page_Mad Irish Hacking Academy/a_Resources' is clicked on

2019-10-22 13:45:50 - [MESSAGE][PASSED] - Object: 'Object Repository/Page_Mad Irish Hacking Academy/a_Resources' is clicked on

2019-10-22 13:45:50 - [TEST_STEP][PASSED] - verifyTextPresent("Resources", false): Text 'Resources' is present on page 

2019-10-22 13:45:50 - [MESSAGE][PASSED] - Text 'Resources' is present on page 

2019-10-22 13:45:50 - [TEST_STEP][PASSED] - takeScreenshot(): Taking screenshot successfully

2019-10-22 13:45:50 - [MESSAGE][PASSED] - Taking screenshot successfully
[[ATTACHMENT|/Users/albert.woloszyn/Katalon Studio/showCaseDEASP/Reports/20191022_134413/showCaseTestSuite1/20191022_134414/1571748350563.png]]

2019-10-22 13:45:50 - [TEST_STEP][PASSED] - click(findTestObject("Object Repository/Page_Mad Irish Hacking Academy/a_Training")): Object: 'Object Repository/Page_Mad Irish Hacking Academy/a_Training' is clicked on

2019-10-22 13:45:50 - [MESSAGE][PASSED] - Object: 'Object Repository/Page_Mad Irish Hacking Academy/a_Training' is clicked on

2019-10-22 13:45:50 - [TEST_STEP][PASSED] - verifyTextPresent("Training", false): Text 'Training' is present on page 

2019-10-22 13:45:51 - [MESSAGE][PASSED] - Text 'Training' is present on page 

2019-10-22 13:45:51 - [TEST_STEP][PASSED] - takeScreenshot(): Taking screenshot successfully

2019-10-22 13:45:51 - [MESSAGE][PASSED] - Taking screenshot successfully
[[ATTACHMENT|/Users/albert.woloszyn/Katalon Studio/showCaseDEASP/Reports/20191022_134413/showCaseTestSuite1/20191022_134414/1571748351041.png]]

2019-10-22 13:45:51 - [TEST_STEP][PASSED] - click(findTestObject("Object Repository/Page_Mad Irish Hacking Academy/a_Resources")): Object: 'Object Repository/Page_Mad Irish Hacking Academy/a_Resources' is clicked on

2019-10-22 13:45:51 - [MESSAGE][PASSED] - Object: 'Object Repository/Page_Mad Irish Hacking Academy/a_Resources' is clicked on

2019-10-22 13:45:51 - [TEST_STEP][PASSED] - takeScreenshot(): Taking screenshot successfully

2019-10-22 13:45:51 - [MESSAGE][PASSED] - Taking screenshot successfully
[[ATTACHMENT|/Users/albert.woloszyn/Katalon Studio/showCaseDEASP/Reports/20191022_134413/showCaseTestSuite1/20191022_134414/1571748351436.png]]

2019-10-22 13:45:51 - [TEST_STEP][PASSED] - click(findTestObject("Object Repository/Page_Mad Irish Hacking Academy/a_Reading")): Object: 'Object Repository/Page_Mad Irish Hacking Academy/a_Reading' is clicked on

2019-10-22 13:45:51 - [MESSAGE][PASSED] - Object: 'Object Repository/Page_Mad Irish Hacking Academy/a_Reading' is clicked on

2019-10-22 13:45:51 - [TEST_STEP][PASSED] - click(findTestObject("Object Repository/Page_Mad Irish Hacking Academy/a_Resources")): Object: 'Object Repository/Page_Mad Irish Hacking Academy/a_Resources' is clicked on

2019-10-22 13:45:52 - [MESSAGE][PASSED] - Object: 'Object Repository/Page_Mad Irish Hacking Academy/a_Resources' is clicked on

2019-10-22 13:45:52 - [TEST_STEP][PASSED] - click(findTestObject("Object Repository/Page_Mad Irish Hacking Academy/a_Newsletter")): Object: 'Object Repository/Page_Mad Irish Hacking Academy/a_Newsletter' is clicked on

2019-10-22 13:45:52 - [MESSAGE][PASSED] - Object: 'Object Repository/Page_Mad Irish Hacking Academy/a_Newsletter' is clicked on

2019-10-22 13:45:52 - [TEST_STEP][PASSED] - click(findTestObject("Object Repository/Page_Mad Irish Hacking Academy/a_Resources")): Object: 'Object Repository/Page_Mad Irish Hacking Academy/a_Resources' is clicked on

2019-10-22 13:45:52 - [MESSAGE][PASSED] - Object: 'Object Repository/Page_Mad Irish Hacking Academy/a_Resources' is clicked on

2019-10-22 13:45:52 - [TEST_STEP][PASSED] - click(findTestObject("Object Repository/Page_Mad Irish Hacking Academy/a_Create account")): Object: 'Object Repository/Page_Mad Irish Hacking Academy/a_Create account' is clicked on

2019-10-22 13:45:52 - [MESSAGE][PASSED] - Object: 'Object Repository/Page_Mad Irish Hacking Academy/a_Create account' is clicked on

2019-10-22 13:45:52 - [TEST_STEP][PASSED] - setText(findTestObject("Object Repository/Page_Mad Irish Hacking Academy/input_Create account_username"), "test123@welfare.ie"): Text 'test123@welfare.ie' is set on object 'Object Repository/Page_Mad Irish Hacking Academy/input_Create account_username'

2019-10-22 13:45:52 - [MESSAGE][PASSED] - Text 'test123@welfare.ie' is set on object 'Object Repository/Page_Mad Irish Hacking Academy/input_Create account_username'

2019-10-22 13:45:52 - [TEST_STEP][PASSED] - setEncryptedText(findTestObject("Object Repository/Page_Mad Irish Hacking Academy/input_Create account_password"), "qP8g4ZP8zmxOyEuCUr69QQ=="): Text ****** has been set on object 'Object Repository/Page_Mad Irish Hacking Academy/input_Create account_password'

2019-10-22 13:45:53 - [MESSAGE][PASSED] - Text ****** has been set on object 'Object Repository/Page_Mad Irish Hacking Academy/input_Create account_password'

2019-10-22 13:45:53 - [TEST_STEP][PASSED] - click(findTestObject("Object Repository/Page_Mad Irish Hacking Academy/button_Sign in")): Object: 'Object Repository/Page_Mad Irish Hacking Academy/button_Sign in' is clicked on

2019-10-22 13:45:53 - [MESSAGE][PASSED] - Object: 'Object Repository/Page_Mad Irish Hacking Academy/button_Sign in' is clicked on

2019-10-22 13:45:53 - [TEST_STEP][PASSED] - setText(findTestObject("Object Repository/Page_Mad Irish Hacking Academy/input_Email_email"), "test@welfare.ie"): Text 'test@welfare.ie' is set on object 'Object Repository/Page_Mad Irish Hacking Academy/input_Email_email'

2019-10-22 13:45:53 - [MESSAGE][PASSED] - Text 'test@welfare.ie' is set on object 'Object Repository/Page_Mad Irish Hacking Academy/input_Email_email'

2019-10-22 13:45:53 - [TEST_STEP][PASSED] - setEncryptedText(findTestObject("Object Repository/Page_Mad Irish Hacking Academy/input_Password_password"), "Wt9tj4kC2zrPXzAR6+1IxQ=="): Text ****** has been set on object 'Object Repository/Page_Mad Irish Hacking Academy/input_Password_password'

2019-10-22 13:45:53 - [MESSAGE][PASSED] - Text ****** has been set on object 'Object Repository/Page_Mad Irish Hacking Academy/input_Password_password'

2019-10-22 13:45:53 - [TEST_STEP][PASSED] - click(findTestObject("Object Repository/Page_Mad Irish Hacking Academy/button_Register")): Object: 'Object Repository/Page_Mad Irish Hacking Academy/button_Register' is clicked on

2019-10-22 13:45:53 - [MESSAGE][PASSED] - Object: 'Object Repository/Page_Mad Irish Hacking Academy/button_Register' is clicked on

2019-10-22 13:45:53 - [TEST_STEP][PASSED] - closeBrowser(): Browser is closed

2019-10-22 13:45:56 - [MESSAGE][PASSED] - Browser is closed</system-out>
            <system-err></system-err>
        </testcase>
        <testcase name="Test Cases/QuickHandsOnTestCase5" classname="Test Cases/QuickHandsOnTestCase5" status="PASSED">
            <system-out>2019-10-22 13:45:56 - [TEST_CASE][PASSED] - Test Cases/QuickHandsOnTestCase5: Test Cases/QuickHandsOnTestCase5

2019-10-22 13:45:56 - [TEST_STEP][PASSED] - openBrowser(""): Browser is opened with url: ''

2019-10-22 13:45:56 - [MESSAGE][INFO] - Starting 'Firefox' driver

2019-10-22 13:46:00 - [MESSAGE][PASSED] - Browser is opened with url: ''

2019-10-22 13:46:00 - [TEST_STEP][PASSED] - navigateToUrl("http://192.168.56.101/"): Navigate to 'http://192.168.56.101/' successfully

2019-10-22 13:46:00 - [MESSAGE][PASSED] - Navigate to 'http://192.168.56.101/' successfully

2019-10-22 13:46:00 - [TEST_STEP][PASSED] - click(findTestObject("Object Repository/Page_Mad Irish Hacking Academy/a_Contact")): Object: 'Object Repository/Page_Mad Irish Hacking Academy/a_Contact' is clicked on

2019-10-22 13:46:00 - [MESSAGE][PASSED] - Object: 'Object Repository/Page_Mad Irish Hacking Academy/a_Contact' is clicked on

2019-10-22 13:46:00 - [TEST_STEP][PASSED] - verifyTextPresent("Contact", false): Text 'Contact' is present on page 

2019-10-22 13:46:00 - [MESSAGE][PASSED] - Text 'Contact' is present on page 

2019-10-22 13:46:00 - [TEST_STEP][PASSED] - takeScreenshot(): Taking screenshot successfully

2019-10-22 13:46:01 - [MESSAGE][PASSED] - Taking screenshot successfully
[[ATTACHMENT|/Users/albert.woloszyn/Katalon Studio/showCaseDEASP/Reports/20191022_134413/showCaseTestSuite1/20191022_134414/1571748360914.png]]

2019-10-22 13:46:01 - [TEST_STEP][PASSED] - click(findTestObject("Object Repository/Page_Mad Irish Hacking Academy/a_Resources")): Object: 'Object Repository/Page_Mad Irish Hacking Academy/a_Resources' is clicked on

2019-10-22 13:46:01 - [MESSAGE][PASSED] - Object: 'Object Repository/Page_Mad Irish Hacking Academy/a_Resources' is clicked on

2019-10-22 13:46:01 - [TEST_STEP][PASSED] - verifyTextPresent("Resources", false): Text 'Resources' is present on page 

2019-10-22 13:46:01 - [MESSAGE][PASSED] - Text 'Resources' is present on page 

2019-10-22 13:46:01 - [TEST_STEP][PASSED] - takeScreenshot(): Taking screenshot successfully

2019-10-22 13:46:02 - [MESSAGE][PASSED] - Taking screenshot successfully
[[ATTACHMENT|/Users/albert.woloszyn/Katalon Studio/showCaseDEASP/Reports/20191022_134413/showCaseTestSuite1/20191022_134414/1571748361872.png]]

2019-10-22 13:46:02 - [TEST_STEP][PASSED] - click(findTestObject("Object Repository/Page_Mad Irish Hacking Academy/a_Training")): Object: 'Object Repository/Page_Mad Irish Hacking Academy/a_Training' is clicked on

2019-10-22 13:46:02 - [MESSAGE][PASSED] - Object: 'Object Repository/Page_Mad Irish Hacking Academy/a_Training' is clicked on

2019-10-22 13:46:02 - [TEST_STEP][PASSED] - verifyTextPresent("Training", false): Text 'Training' is present on page 

2019-10-22 13:46:02 - [MESSAGE][PASSED] - Text 'Training' is present on page 

2019-10-22 13:46:02 - [TEST_STEP][PASSED] - takeScreenshot(): Taking screenshot successfully

2019-10-22 13:46:02 - [MESSAGE][PASSED] - Taking screenshot successfully
[[ATTACHMENT|/Users/albert.woloszyn/Katalon Studio/showCaseDEASP/Reports/20191022_134413/showCaseTestSuite1/20191022_134414/1571748362314.png]]

2019-10-22 13:46:02 - [TEST_STEP][PASSED] - click(findTestObject("Object Repository/Page_Mad Irish Hacking Academy/a_Resources")): Object: 'Object Repository/Page_Mad Irish Hacking Academy/a_Resources' is clicked on

2019-10-22 13:46:03 - [MESSAGE][PASSED] - Object: 'Object Repository/Page_Mad Irish Hacking Academy/a_Resources' is clicked on

2019-10-22 13:46:03 - [TEST_STEP][PASSED] - takeScreenshot(): Taking screenshot successfully

2019-10-22 13:46:03 - [MESSAGE][PASSED] - Taking screenshot successfully
[[ATTACHMENT|/Users/albert.woloszyn/Katalon Studio/showCaseDEASP/Reports/20191022_134413/showCaseTestSuite1/20191022_134414/1571748363214.png]]

2019-10-22 13:46:03 - [TEST_STEP][PASSED] - click(findTestObject("Object Repository/Page_Mad Irish Hacking Academy/a_Reading")): Object: 'Object Repository/Page_Mad Irish Hacking Academy/a_Reading' is clicked on

2019-10-22 13:46:03 - [MESSAGE][PASSED] - Object: 'Object Repository/Page_Mad Irish Hacking Academy/a_Reading' is clicked on

2019-10-22 13:46:03 - [TEST_STEP][PASSED] - click(findTestObject("Object Repository/Page_Mad Irish Hacking Academy/a_Resources")): Object: 'Object Repository/Page_Mad Irish Hacking Academy/a_Resources' is clicked on

2019-10-22 13:46:04 - [MESSAGE][PASSED] - Object: 'Object Repository/Page_Mad Irish Hacking Academy/a_Resources' is clicked on

2019-10-22 13:46:04 - [TEST_STEP][PASSED] - click(findTestObject("Object Repository/Page_Mad Irish Hacking Academy/a_Newsletter")): Object: 'Object Repository/Page_Mad Irish Hacking Academy/a_Newsletter' is clicked on

2019-10-22 13:46:04 - [MESSAGE][PASSED] - Object: 'Object Repository/Page_Mad Irish Hacking Academy/a_Newsletter' is clicked on

2019-10-22 13:46:04 - [TEST_STEP][PASSED] - click(findTestObject("Object Repository/Page_Mad Irish Hacking Academy/a_Resources")): Object: 'Object Repository/Page_Mad Irish Hacking Academy/a_Resources' is clicked on

2019-10-22 13:46:05 - [MESSAGE][PASSED] - Object: 'Object Repository/Page_Mad Irish Hacking Academy/a_Resources' is clicked on

2019-10-22 13:46:05 - [TEST_STEP][PASSED] - click(findTestObject("Object Repository/Page_Mad Irish Hacking Academy/a_Create account")): Object: 'Object Repository/Page_Mad Irish Hacking Academy/a_Create account' is clicked on

2019-10-22 13:46:06 - [MESSAGE][PASSED] - Object: 'Object Repository/Page_Mad Irish Hacking Academy/a_Create account' is clicked on

2019-10-22 13:46:06 - [TEST_STEP][PASSED] - setText(findTestObject("Object Repository/Page_Mad Irish Hacking Academy/input_Create account_username"), "test123@welfare.ie"): Text 'test123@welfare.ie' is set on object 'Object Repository/Page_Mad Irish Hacking Academy/input_Create account_username'

2019-10-22 13:46:06 - [MESSAGE][PASSED] - Text 'test123@welfare.ie' is set on object 'Object Repository/Page_Mad Irish Hacking Academy/input_Create account_username'

2019-10-22 13:46:06 - [TEST_STEP][PASSED] - setEncryptedText(findTestObject("Object Repository/Page_Mad Irish Hacking Academy/input_Create account_password"), "qP8g4ZP8zmxOyEuCUr69QQ=="): Text ****** has been set on object 'Object Repository/Page_Mad Irish Hacking Academy/input_Create account_password'

2019-10-22 13:46:06 - [MESSAGE][PASSED] - Text ****** has been set on object 'Object Repository/Page_Mad Irish Hacking Academy/input_Create account_password'

2019-10-22 13:46:06 - [TEST_STEP][PASSED] - click(findTestObject("Object Repository/Page_Mad Irish Hacking Academy/button_Sign in")): Object: 'Object Repository/Page_Mad Irish Hacking Academy/button_Sign in' is clicked on

2019-10-22 13:46:06 - [MESSAGE][PASSED] - Object: 'Object Repository/Page_Mad Irish Hacking Academy/button_Sign in' is clicked on

2019-10-22 13:46:06 - [TEST_STEP][PASSED] - setText(findTestObject("Object Repository/Page_Mad Irish Hacking Academy/input_Email_email"), "test@welfare.ie"): Text 'test@welfare.ie' is set on object 'Object Repository/Page_Mad Irish Hacking Academy/input_Email_email'

2019-10-22 13:46:06 - [MESSAGE][PASSED] - Text 'test@welfare.ie' is set on object 'Object Repository/Page_Mad Irish Hacking Academy/input_Email_email'

2019-10-22 13:46:06 - [TEST_STEP][PASSED] - setEncryptedText(findTestObject("Object Repository/Page_Mad Irish Hacking Academy/input_Password_password"), "Wt9tj4kC2zrPXzAR6+1IxQ=="): Text ****** has been set on object 'Object Repository/Page_Mad Irish Hacking Academy/input_Password_password'

2019-10-22 13:46:06 - [MESSAGE][PASSED] - Text ****** has been set on object 'Object Repository/Page_Mad Irish Hacking Academy/input_Password_password'

2019-10-22 13:46:06 - [TEST_STEP][PASSED] - click(findTestObject("Object Repository/Page_Mad Irish Hacking Academy/button_Register")): Object: 'Object Repository/Page_Mad Irish Hacking Academy/button_Register' is clicked on

2019-10-22 13:46:07 - [MESSAGE][PASSED] - Object: 'Object Repository/Page_Mad Irish Hacking Academy/button_Register' is clicked on

2019-10-22 13:46:07 - [TEST_STEP][PASSED] - closeBrowser(): Browser is closed

2019-10-22 13:46:10 - [MESSAGE][PASSED] - Browser is closed</system-out>
            <system-err></system-err>
        </testcase>
        <testcase name="Test Cases/QuickHandsOnTestCase4" classname="Test Cases/QuickHandsOnTestCase4" status="PASSED">
            <system-out>2019-10-22 13:46:10 - [TEST_CASE][PASSED] - Test Cases/QuickHandsOnTestCase4: Test Cases/QuickHandsOnTestCase4

2019-10-22 13:46:10 - [TEST_STEP][PASSED] - openBrowser(""): Browser is opened with url: ''

2019-10-22 13:46:10 - [MESSAGE][INFO] - Starting 'Firefox' driver

2019-10-22 13:46:13 - [MESSAGE][PASSED] - Browser is opened with url: ''

2019-10-22 13:46:13 - [TEST_STEP][PASSED] - navigateToUrl("http://192.168.56.101/"): Navigate to 'http://192.168.56.101/' successfully

2019-10-22 13:46:14 - [MESSAGE][PASSED] - Navigate to 'http://192.168.56.101/' successfully

2019-10-22 13:46:14 - [TEST_STEP][PASSED] - click(findTestObject("Object Repository/Page_Mad Irish Hacking Academy/a_Contact")): Object: 'Object Repository/Page_Mad Irish Hacking Academy/a_Contact' is clicked on

2019-10-22 13:46:14 - [MESSAGE][PASSED] - Object: 'Object Repository/Page_Mad Irish Hacking Academy/a_Contact' is clicked on

2019-10-22 13:46:14 - [TEST_STEP][PASSED] - verifyTextPresent("Contact", false): Text 'Contact' is present on page 

2019-10-22 13:46:14 - [MESSAGE][PASSED] - Text 'Contact' is present on page 

2019-10-22 13:46:14 - [TEST_STEP][PASSED] - takeScreenshot(): Taking screenshot successfully

2019-10-22 13:46:14 - [MESSAGE][PASSED] - Taking screenshot successfully
[[ATTACHMENT|/Users/albert.woloszyn/Katalon Studio/showCaseDEASP/Reports/20191022_134413/showCaseTestSuite1/20191022_134414/1571748374742.png]]

2019-10-22 13:46:14 - [TEST_STEP][PASSED] - click(findTestObject("Object Repository/Page_Mad Irish Hacking Academy/a_Resources")): Object: 'Object Repository/Page_Mad Irish Hacking Academy/a_Resources' is clicked on

2019-10-22 13:46:15 - [MESSAGE][PASSED] - Object: 'Object Repository/Page_Mad Irish Hacking Academy/a_Resources' is clicked on

2019-10-22 13:46:15 - [TEST_STEP][PASSED] - verifyTextPresent("Resources", false): Text 'Resources' is present on page 

2019-10-22 13:46:15 - [MESSAGE][PASSED] - Text 'Resources' is present on page 

2019-10-22 13:46:15 - [TEST_STEP][PASSED] - takeScreenshot(): Taking screenshot successfully

2019-10-22 13:46:15 - [MESSAGE][PASSED] - Taking screenshot successfully
[[ATTACHMENT|/Users/albert.woloszyn/Katalon Studio/showCaseDEASP/Reports/20191022_134413/showCaseTestSuite1/20191022_134414/1571748375257.png]]

2019-10-22 13:46:15 - [TEST_STEP][PASSED] - click(findTestObject("Object Repository/Page_Mad Irish Hacking Academy/a_Training")): Object: 'Object Repository/Page_Mad Irish Hacking Academy/a_Training' is clicked on

2019-10-22 13:46:15 - [MESSAGE][PASSED] - Object: 'Object Repository/Page_Mad Irish Hacking Academy/a_Training' is clicked on

2019-10-22 13:46:15 - [TEST_STEP][PASSED] - verifyTextPresent("Training", false): Text 'Training' is present on page 

2019-10-22 13:46:15 - [MESSAGE][PASSED] - Text 'Training' is present on page 

2019-10-22 13:46:15 - [TEST_STEP][PASSED] - takeScreenshot(): Taking screenshot successfully

2019-10-22 13:46:15 - [MESSAGE][PASSED] - Taking screenshot successfully
[[ATTACHMENT|/Users/albert.woloszyn/Katalon Studio/showCaseDEASP/Reports/20191022_134413/showCaseTestSuite1/20191022_134414/1571748375735.png]]

2019-10-22 13:46:15 - [TEST_STEP][PASSED] - click(findTestObject("Object Repository/Page_Mad Irish Hacking Academy/a_Resources")): Object: 'Object Repository/Page_Mad Irish Hacking Academy/a_Resources' is clicked on

2019-10-22 13:46:16 - [MESSAGE][PASSED] - Object: 'Object Repository/Page_Mad Irish Hacking Academy/a_Resources' is clicked on

2019-10-22 13:46:16 - [TEST_STEP][PASSED] - takeScreenshot(): Taking screenshot successfully

2019-10-22 13:46:16 - [MESSAGE][PASSED] - Taking screenshot successfully
[[ATTACHMENT|/Users/albert.woloszyn/Katalon Studio/showCaseDEASP/Reports/20191022_134413/showCaseTestSuite1/20191022_134414/1571748376115.png]]

2019-10-22 13:46:16 - [TEST_STEP][PASSED] - click(findTestObject("Object Repository/Page_Mad Irish Hacking Academy/a_Reading")): Object: 'Object Repository/Page_Mad Irish Hacking Academy/a_Reading' is clicked on

2019-10-22 13:46:16 - [MESSAGE][PASSED] - Object: 'Object Repository/Page_Mad Irish Hacking Academy/a_Reading' is clicked on

2019-10-22 13:46:16 - [TEST_STEP][PASSED] - click(findTestObject("Object Repository/Page_Mad Irish Hacking Academy/a_Resources")): Object: 'Object Repository/Page_Mad Irish Hacking Academy/a_Resources' is clicked on

2019-10-22 13:46:17 - [MESSAGE][PASSED] - Object: 'Object Repository/Page_Mad Irish Hacking Academy/a_Resources' is clicked on

2019-10-22 13:46:17 - [TEST_STEP][PASSED] - click(findTestObject("Object Repository/Page_Mad Irish Hacking Academy/a_Newsletter")): Object: 'Object Repository/Page_Mad Irish Hacking Academy/a_Newsletter' is clicked on

2019-10-22 13:46:17 - [MESSAGE][PASSED] - Object: 'Object Repository/Page_Mad Irish Hacking Academy/a_Newsletter' is clicked on

2019-10-22 13:46:17 - [TEST_STEP][PASSED] - click(findTestObject("Object Repository/Page_Mad Irish Hacking Academy/a_Resources")): Object: 'Object Repository/Page_Mad Irish Hacking Academy/a_Resources' is clicked on

2019-10-22 13:46:18 - [MESSAGE][PASSED] - Object: 'Object Repository/Page_Mad Irish Hacking Academy/a_Resources' is clicked on

2019-10-22 13:46:18 - [TEST_STEP][PASSED] - click(findTestObject("Object Repository/Page_Mad Irish Hacking Academy/a_Create account")): Object: 'Object Repository/Page_Mad Irish Hacking Academy/a_Create account' is clicked on

2019-10-22 13:46:19 - [MESSAGE][PASSED] - Object: 'Object Repository/Page_Mad Irish Hacking Academy/a_Create account' is clicked on

2019-10-22 13:46:19 - [TEST_STEP][PASSED] - setText(findTestObject("Object Repository/Page_Mad Irish Hacking Academy/input_Create account_username"), "test123@welfare.ie"): Text 'test123@welfare.ie' is set on object 'Object Repository/Page_Mad Irish Hacking Academy/input_Create account_username'

2019-10-22 13:46:19 - [MESSAGE][PASSED] - Text 'test123@welfare.ie' is set on object 'Object Repository/Page_Mad Irish Hacking Academy/input_Create account_username'

2019-10-22 13:46:19 - [TEST_STEP][PASSED] - setEncryptedText(findTestObject("Object Repository/Page_Mad Irish Hacking Academy/input_Create account_password"), "qP8g4ZP8zmxOyEuCUr69QQ=="): Text ****** has been set on object 'Object Repository/Page_Mad Irish Hacking Academy/input_Create account_password'

2019-10-22 13:46:19 - [MESSAGE][PASSED] - Text ****** has been set on object 'Object Repository/Page_Mad Irish Hacking Academy/input_Create account_password'

2019-10-22 13:46:19 - [TEST_STEP][PASSED] - click(findTestObject("Object Repository/Page_Mad Irish Hacking Academy/button_Sign in")): Object: 'Object Repository/Page_Mad Irish Hacking Academy/button_Sign in' is clicked on

2019-10-22 13:46:19 - [MESSAGE][PASSED] - Object: 'Object Repository/Page_Mad Irish Hacking Academy/button_Sign in' is clicked on

2019-10-22 13:46:19 - [TEST_STEP][PASSED] - setText(findTestObject("Object Repository/Page_Mad Irish Hacking Academy/input_Email_email"), "test@welfare.ie"): Text 'test@welfare.ie' is set on object 'Object Repository/Page_Mad Irish Hacking Academy/input_Email_email'

2019-10-22 13:46:19 - [MESSAGE][PASSED] - Text 'test@welfare.ie' is set on object 'Object Repository/Page_Mad Irish Hacking Academy/input_Email_email'

2019-10-22 13:46:19 - [TEST_STEP][PASSED] - setEncryptedText(findTestObject("Object Repository/Page_Mad Irish Hacking Academy/input_Password_password"), "Wt9tj4kC2zrPXzAR6+1IxQ=="): Text ****** has been set on object 'Object Repository/Page_Mad Irish Hacking Academy/input_Password_password'

2019-10-22 13:46:19 - [MESSAGE][PASSED] - Text ****** has been set on object 'Object Repository/Page_Mad Irish Hacking Academy/input_Password_password'

2019-10-22 13:46:19 - [TEST_STEP][PASSED] - click(findTestObject("Object Repository/Page_Mad Irish Hacking Academy/button_Register")): Object: 'Object Repository/Page_Mad Irish Hacking Academy/button_Register' is clicked on

2019-10-22 13:46:19 - [MESSAGE][PASSED] - Object: 'Object Repository/Page_Mad Irish Hacking Academy/button_Register' is clicked on

2019-10-22 13:46:19 - [TEST_STEP][PASSED] - closeBrowser(): Browser is closed

2019-10-22 13:46:21 - [MESSAGE][PASSED] - Browser is closed</system-out>
            <system-err></system-err>
        </testcase>
        <testcase name="Test Cases/QuickHandsOnTestCase10" classname="Test Cases/QuickHandsOnTestCase10" status="PASSED">
            <system-out>2019-10-22 13:46:21 - [TEST_CASE][PASSED] - Test Cases/QuickHandsOnTestCase10: Test Cases/QuickHandsOnTestCase10

2019-10-22 13:46:21 - [TEST_STEP][PASSED] - openBrowser(""): Browser is opened with url: ''

2019-10-22 13:46:21 - [MESSAGE][INFO] - Starting 'Firefox' driver

2019-10-22 13:46:25 - [MESSAGE][PASSED] - Browser is opened with url: ''

2019-10-22 13:46:25 - [TEST_STEP][PASSED] - navigateToUrl("http://192.168.56.101/"): Navigate to 'http://192.168.56.101/' successfully

2019-10-22 13:46:25 - [MESSAGE][PASSED] - Navigate to 'http://192.168.56.101/' successfully

2019-10-22 13:46:25 - [TEST_STEP][PASSED] - click(findTestObject("Object Repository/Page_Mad Irish Hacking Academy/a_Contact")): Object: 'Object Repository/Page_Mad Irish Hacking Academy/a_Contact' is clicked on

2019-10-22 13:46:26 - [MESSAGE][PASSED] - Object: 'Object Repository/Page_Mad Irish Hacking Academy/a_Contact' is clicked on

2019-10-22 13:46:26 - [TEST_STEP][PASSED] - verifyTextPresent("Contact", false): Text 'Contact' is present on page 

2019-10-22 13:46:26 - [MESSAGE][PASSED] - Text 'Contact' is present on page 

2019-10-22 13:46:26 - [TEST_STEP][PASSED] - takeScreenshot(): Taking screenshot successfully

2019-10-22 13:46:26 - [MESSAGE][PASSED] - Taking screenshot successfully
[[ATTACHMENT|/Users/albert.woloszyn/Katalon Studio/showCaseDEASP/Reports/20191022_134413/showCaseTestSuite1/20191022_134414/1571748386204.png]]

2019-10-22 13:46:26 - [TEST_STEP][PASSED] - click(findTestObject("Object Repository/Page_Mad Irish Hacking Academy/a_Resources")): Object: 'Object Repository/Page_Mad Irish Hacking Academy/a_Resources' is clicked on

2019-10-22 13:46:26 - [MESSAGE][PASSED] - Object: 'Object Repository/Page_Mad Irish Hacking Academy/a_Resources' is clicked on

2019-10-22 13:46:26 - [TEST_STEP][PASSED] - verifyTextPresent("Resources", false): Text 'Resources' is present on page 

2019-10-22 13:46:26 - [MESSAGE][PASSED] - Text 'Resources' is present on page 

2019-10-22 13:46:26 - [TEST_STEP][PASSED] - takeScreenshot(): Taking screenshot successfully

2019-10-22 13:46:26 - [MESSAGE][PASSED] - Taking screenshot successfully
[[ATTACHMENT|/Users/albert.woloszyn/Katalon Studio/showCaseDEASP/Reports/20191022_134413/showCaseTestSuite1/20191022_134414/1571748386750.png]]

2019-10-22 13:46:26 - [TEST_STEP][PASSED] - click(findTestObject("Object Repository/Page_Mad Irish Hacking Academy/a_Training")): Object: 'Object Repository/Page_Mad Irish Hacking Academy/a_Training' is clicked on

2019-10-22 13:46:27 - [MESSAGE][PASSED] - Object: 'Object Repository/Page_Mad Irish Hacking Academy/a_Training' is clicked on

2019-10-22 13:46:27 - [TEST_STEP][PASSED] - verifyTextPresent("Training", false): Text 'Training' is present on page 

2019-10-22 13:46:27 - [MESSAGE][PASSED] - Text 'Training' is present on page 

2019-10-22 13:46:27 - [TEST_STEP][PASSED] - takeScreenshot(): Taking screenshot successfully

2019-10-22 13:46:27 - [MESSAGE][PASSED] - Taking screenshot successfully
[[ATTACHMENT|/Users/albert.woloszyn/Katalon Studio/showCaseDEASP/Reports/20191022_134413/showCaseTestSuite1/20191022_134414/1571748387130.png]]

2019-10-22 13:46:27 - [TEST_STEP][PASSED] - click(findTestObject("Object Repository/Page_Mad Irish Hacking Academy/a_Resources")): Object: 'Object Repository/Page_Mad Irish Hacking Academy/a_Resources' is clicked on

2019-10-22 13:46:27 - [MESSAGE][PASSED] - Object: 'Object Repository/Page_Mad Irish Hacking Academy/a_Resources' is clicked on

2019-10-22 13:46:27 - [TEST_STEP][PASSED] - takeScreenshot(): Taking screenshot successfully

2019-10-22 13:46:27 - [MESSAGE][PASSED] - Taking screenshot successfully
[[ATTACHMENT|/Users/albert.woloszyn/Katalon Studio/showCaseDEASP/Reports/20191022_134413/showCaseTestSuite1/20191022_134414/1571748387502.png]]

2019-10-22 13:46:27 - [TEST_STEP][PASSED] - click(findTestObject("Object Repository/Page_Mad Irish Hacking Academy/a_Reading")): Object: 'Object Repository/Page_Mad Irish Hacking Academy/a_Reading' is clicked on

2019-10-22 13:46:27 - [MESSAGE][PASSED] - Object: 'Object Repository/Page_Mad Irish Hacking Academy/a_Reading' is clicked on

2019-10-22 13:46:27 - [TEST_STEP][PASSED] - click(findTestObject("Object Repository/Page_Mad Irish Hacking Academy/a_Resources")): Object: 'Object Repository/Page_Mad Irish Hacking Academy/a_Resources' is clicked on

2019-10-22 13:46:28 - [MESSAGE][PASSED] - Object: 'Object Repository/Page_Mad Irish Hacking Academy/a_Resources' is clicked on

2019-10-22 13:46:28 - [TEST_STEP][PASSED] - click(findTestObject("Object Repository/Page_Mad Irish Hacking Academy/a_Newsletter")): Object: 'Object Repository/Page_Mad Irish Hacking Academy/a_Newsletter' is clicked on

2019-10-22 13:46:28 - [MESSAGE][PASSED] - Object: 'Object Repository/Page_Mad Irish Hacking Academy/a_Newsletter' is clicked on

2019-10-22 13:46:28 - [TEST_STEP][PASSED] - click(findTestObject("Object Repository/Page_Mad Irish Hacking Academy/a_Resources")): Object: 'Object Repository/Page_Mad Irish Hacking Academy/a_Resources' is clicked on

2019-10-22 13:46:28 - [MESSAGE][PASSED] - Object: 'Object Repository/Page_Mad Irish Hacking Academy/a_Resources' is clicked on

2019-10-22 13:46:28 - [TEST_STEP][PASSED] - click(findTestObject("Object Repository/Page_Mad Irish Hacking Academy/a_Create account")): Object: 'Object Repository/Page_Mad Irish Hacking Academy/a_Create account' is clicked on

2019-10-22 13:46:28 - [MESSAGE][PASSED] - Object: 'Object Repository/Page_Mad Irish Hacking Academy/a_Create account' is clicked on

2019-10-22 13:46:28 - [TEST_STEP][PASSED] - setText(findTestObject("Object Repository/Page_Mad Irish Hacking Academy/input_Create account_username"), "test123@welfare.ie"): Text 'test123@welfare.ie' is set on object 'Object Repository/Page_Mad Irish Hacking Academy/input_Create account_username'

2019-10-22 13:46:28 - [MESSAGE][PASSED] - Text 'test123@welfare.ie' is set on object 'Object Repository/Page_Mad Irish Hacking Academy/input_Create account_username'

2019-10-22 13:46:28 - [TEST_STEP][PASSED] - setEncryptedText(findTestObject("Object Repository/Page_Mad Irish Hacking Academy/input_Create account_password"), "qP8g4ZP8zmxOyEuCUr69QQ=="): Text ****** has been set on object 'Object Repository/Page_Mad Irish Hacking Academy/input_Create account_password'

2019-10-22 13:46:28 - [MESSAGE][PASSED] - Text ****** has been set on object 'Object Repository/Page_Mad Irish Hacking Academy/input_Create account_password'

2019-10-22 13:46:28 - [TEST_STEP][PASSED] - click(findTestObject("Object Repository/Page_Mad Irish Hacking Academy/button_Sign in")): Object: 'Object Repository/Page_Mad Irish Hacking Academy/button_Sign in' is clicked on

2019-10-22 13:46:28 - [MESSAGE][PASSED] - Object: 'Object Repository/Page_Mad Irish Hacking Academy/button_Sign in' is clicked on

2019-10-22 13:46:28 - [TEST_STEP][PASSED] - setText(findTestObject("Object Repository/Page_Mad Irish Hacking Academy/input_Email_email"), "test@welfare.ie"): Text 'test@welfare.ie' is set on object 'Object Repository/Page_Mad Irish Hacking Academy/input_Email_email'

2019-10-22 13:46:28 - [MESSAGE][PASSED] - Text 'test@welfare.ie' is set on object 'Object Repository/Page_Mad Irish Hacking Academy/input_Email_email'

2019-10-22 13:46:28 - [TEST_STEP][PASSED] - setEncryptedText(findTestObject("Object Repository/Page_Mad Irish Hacking Academy/input_Password_password"), "Wt9tj4kC2zrPXzAR6+1IxQ=="): Text ****** has been set on object 'Object Repository/Page_Mad Irish Hacking Academy/input_Password_password'

2019-10-22 13:46:29 - [MESSAGE][PASSED] - Text ****** has been set on object 'Object Repository/Page_Mad Irish Hacking Academy/input_Password_password'

2019-10-22 13:46:29 - [TEST_STEP][PASSED] - click(findTestObject("Object Repository/Page_Mad Irish Hacking Academy/button_Register")): Object: 'Object Repository/Page_Mad Irish Hacking Academy/button_Register' is clicked on

2019-10-22 13:46:29 - [MESSAGE][PASSED] - Object: 'Object Repository/Page_Mad Irish Hacking Academy/button_Register' is clicked on

2019-10-22 13:46:29 - [TEST_STEP][PASSED] - closeBrowser(): Browser is closed

2019-10-22 13:46:30 - [MESSAGE][PASSED] - Browser is closed</system-out>
            <system-err></system-err>
        </testcase>
        <testcase name="Test Cases/QuickHandsOnTestCase8" classname="Test Cases/QuickHandsOnTestCase8" status="PASSED">
            <system-out>2019-10-22 13:46:30 - [TEST_CASE][PASSED] - Test Cases/QuickHandsOnTestCase8: Test Cases/QuickHandsOnTestCase8

2019-10-22 13:46:31 - [TEST_STEP][PASSED] - openBrowser(""): Browser is opened with url: ''

2019-10-22 13:46:31 - [MESSAGE][INFO] - Starting 'Firefox' driver

2019-10-22 13:46:34 - [MESSAGE][PASSED] - Browser is opened with url: ''

2019-10-22 13:46:34 - [TEST_STEP][PASSED] - navigateToUrl("http://192.168.56.101/"): Navigate to 'http://192.168.56.101/' successfully

2019-10-22 13:46:34 - [MESSAGE][PASSED] - Navigate to 'http://192.168.56.101/' successfully

2019-10-22 13:46:34 - [TEST_STEP][PASSED] - click(findTestObject("Object Repository/Page_Mad Irish Hacking Academy/a_Contact")): Object: 'Object Repository/Page_Mad Irish Hacking Academy/a_Contact' is clicked on

2019-10-22 13:46:34 - [MESSAGE][PASSED] - Object: 'Object Repository/Page_Mad Irish Hacking Academy/a_Contact' is clicked on

2019-10-22 13:46:34 - [TEST_STEP][PASSED] - verifyTextPresent("Contact", false): Text 'Contact' is present on page 

2019-10-22 13:46:35 - [MESSAGE][PASSED] - Text 'Contact' is present on page 

2019-10-22 13:46:35 - [TEST_STEP][PASSED] - takeScreenshot(): Taking screenshot successfully

2019-10-22 13:46:35 - [MESSAGE][PASSED] - Taking screenshot successfully
[[ATTACHMENT|/Users/albert.woloszyn/Katalon Studio/showCaseDEASP/Reports/20191022_134413/showCaseTestSuite1/20191022_134414/1571748395076.png]]

2019-10-22 13:46:35 - [TEST_STEP][PASSED] - click(findTestObject("Object Repository/Page_Mad Irish Hacking Academy/a_Resources")): Object: 'Object Repository/Page_Mad Irish Hacking Academy/a_Resources' is clicked on

2019-10-22 13:46:35 - [MESSAGE][PASSED] - Object: 'Object Repository/Page_Mad Irish Hacking Academy/a_Resources' is clicked on

2019-10-22 13:46:35 - [TEST_STEP][PASSED] - verifyTextPresent("Resources", false): Text 'Resources' is present on page 

2019-10-22 13:46:35 - [MESSAGE][PASSED] - Text 'Resources' is present on page 

2019-10-22 13:46:35 - [TEST_STEP][PASSED] - takeScreenshot(): Taking screenshot successfully

2019-10-22 13:46:35 - [MESSAGE][PASSED] - Taking screenshot successfully
[[ATTACHMENT|/Users/albert.woloszyn/Katalon Studio/showCaseDEASP/Reports/20191022_134413/showCaseTestSuite1/20191022_134414/1571748395658.png]]

2019-10-22 13:46:35 - [TEST_STEP][PASSED] - click(findTestObject("Object Repository/Page_Mad Irish Hacking Academy/a_Training")): Object: 'Object Repository/Page_Mad Irish Hacking Academy/a_Training' is clicked on

2019-10-22 13:46:36 - [MESSAGE][PASSED] - Object: 'Object Repository/Page_Mad Irish Hacking Academy/a_Training' is clicked on

2019-10-22 13:46:36 - [TEST_STEP][PASSED] - verifyTextPresent("Training", false): Text 'Training' is present on page 

2019-10-22 13:46:36 - [MESSAGE][PASSED] - Text 'Training' is present on page 

2019-10-22 13:46:36 - [TEST_STEP][PASSED] - takeScreenshot(): Taking screenshot successfully

2019-10-22 13:46:36 - [MESSAGE][PASSED] - Taking screenshot successfully
[[ATTACHMENT|/Users/albert.woloszyn/Katalon Studio/showCaseDEASP/Reports/20191022_134413/showCaseTestSuite1/20191022_134414/1571748396336.png]]

2019-10-22 13:46:36 - [TEST_STEP][PASSED] - click(findTestObject("Object Repository/Page_Mad Irish Hacking Academy/a_Resources")): Object: 'Object Repository/Page_Mad Irish Hacking Academy/a_Resources' is clicked on

2019-10-22 13:46:37 - [MESSAGE][PASSED] - Object: 'Object Repository/Page_Mad Irish Hacking Academy/a_Resources' is clicked on

2019-10-22 13:46:37 - [TEST_STEP][PASSED] - takeScreenshot(): Taking screenshot successfully

2019-10-22 13:46:37 - [MESSAGE][PASSED] - Taking screenshot successfully
[[ATTACHMENT|/Users/albert.woloszyn/Katalon Studio/showCaseDEASP/Reports/20191022_134413/showCaseTestSuite1/20191022_134414/1571748397247.png]]

2019-10-22 13:46:37 - [TEST_STEP][PASSED] - click(findTestObject("Object Repository/Page_Mad Irish Hacking Academy/a_Reading")): Object: 'Object Repository/Page_Mad Irish Hacking Academy/a_Reading' is clicked on

2019-10-22 13:46:37 - [MESSAGE][PASSED] - Object: 'Object Repository/Page_Mad Irish Hacking Academy/a_Reading' is clicked on

2019-10-22 13:46:37 - [TEST_STEP][PASSED] - click(findTestObject("Object Repository/Page_Mad Irish Hacking Academy/a_Resources")): Object: 'Object Repository/Page_Mad Irish Hacking Academy/a_Resources' is clicked on

2019-10-22 13:46:38 - [MESSAGE][PASSED] - Object: 'Object Repository/Page_Mad Irish Hacking Academy/a_Resources' is clicked on

2019-10-22 13:46:38 - [TEST_STEP][PASSED] - click(findTestObject("Object Repository/Page_Mad Irish Hacking Academy/a_Newsletter")): Object: 'Object Repository/Page_Mad Irish Hacking Academy/a_Newsletter' is clicked on

2019-10-22 13:46:38 - [MESSAGE][PASSED] - Object: 'Object Repository/Page_Mad Irish Hacking Academy/a_Newsletter' is clicked on

2019-10-22 13:46:38 - [TEST_STEP][PASSED] - click(findTestObject("Object Repository/Page_Mad Irish Hacking Academy/a_Resources")): Object: 'Object Repository/Page_Mad Irish Hacking Academy/a_Resources' is clicked on

2019-10-22 13:46:39 - [MESSAGE][PASSED] - Object: 'Object Repository/Page_Mad Irish Hacking Academy/a_Resources' is clicked on

2019-10-22 13:46:39 - [TEST_STEP][PASSED] - click(findTestObject("Object Repository/Page_Mad Irish Hacking Academy/a_Create account")): Object: 'Object Repository/Page_Mad Irish Hacking Academy/a_Create account' is clicked on

2019-10-22 13:46:39 - [MESSAGE][PASSED] - Object: 'Object Repository/Page_Mad Irish Hacking Academy/a_Create account' is clicked on

2019-10-22 13:46:39 - [TEST_STEP][PASSED] - setText(findTestObject("Object Repository/Page_Mad Irish Hacking Academy/input_Create account_username"), "test123@welfare.ie"): Text 'test123@welfare.ie' is set on object 'Object Repository/Page_Mad Irish Hacking Academy/input_Create account_username'

2019-10-22 13:46:39 - [MESSAGE][PASSED] - Text 'test123@welfare.ie' is set on object 'Object Repository/Page_Mad Irish Hacking Academy/input_Create account_username'

2019-10-22 13:46:39 - [TEST_STEP][PASSED] - setEncryptedText(findTestObject("Object Repository/Page_Mad Irish Hacking Academy/input_Create account_password"), "qP8g4ZP8zmxOyEuCUr69QQ=="): Text ****** has been set on object 'Object Repository/Page_Mad Irish Hacking Academy/input_Create account_password'

2019-10-22 13:46:40 - [MESSAGE][PASSED] - Text ****** has been set on object 'Object Repository/Page_Mad Irish Hacking Academy/input_Create account_password'

2019-10-22 13:46:40 - [TEST_STEP][PASSED] - click(findTestObject("Object Repository/Page_Mad Irish Hacking Academy/button_Sign in")): Object: 'Object Repository/Page_Mad Irish Hacking Academy/button_Sign in' is clicked on

2019-10-22 13:46:40 - [MESSAGE][PASSED] - Object: 'Object Repository/Page_Mad Irish Hacking Academy/button_Sign in' is clicked on

2019-10-22 13:46:40 - [TEST_STEP][PASSED] - setText(findTestObject("Object Repository/Page_Mad Irish Hacking Academy/input_Email_email"), "test@welfare.ie"): Text 'test@welfare.ie' is set on object 'Object Repository/Page_Mad Irish Hacking Academy/input_Email_email'

2019-10-22 13:46:40 - [MESSAGE][PASSED] - Text 'test@welfare.ie' is set on object 'Object Repository/Page_Mad Irish Hacking Academy/input_Email_email'

2019-10-22 13:46:40 - [TEST_STEP][PASSED] - setEncryptedText(findTestObject("Object Repository/Page_Mad Irish Hacking Academy/input_Password_password"), "Wt9tj4kC2zrPXzAR6+1IxQ=="): Text ****** has been set on object 'Object Repository/Page_Mad Irish Hacking Academy/input_Password_password'

2019-10-22 13:46:40 - [MESSAGE][PASSED] - Text ****** has been set on object 'Object Repository/Page_Mad Irish Hacking Academy/input_Password_password'

2019-10-22 13:46:40 - [TEST_STEP][PASSED] - click(findTestObject("Object Repository/Page_Mad Irish Hacking Academy/button_Register")): Object: 'Object Repository/Page_Mad Irish Hacking Academy/button_Register' is clicked on

2019-10-22 13:46:40 - [MESSAGE][PASSED] - Object: 'Object Repository/Page_Mad Irish Hacking Academy/button_Register' is clicked on

2019-10-22 13:46:40 - [TEST_STEP][PASSED] - closeBrowser(): Browser is closed

2019-10-22 13:46:42 - [MESSAGE][PASSED] - Browser is closed</system-out>
            <system-err></system-err>
        </testcase>
        <testcase name="Test Cases/QuickHandsOnTestCase9" classname="Test Cases/QuickHandsOnTestCase9" status="PASSED">
            <system-out>2019-10-22 13:46:42 - [TEST_CASE][PASSED] - Test Cases/QuickHandsOnTestCase9: Test Cases/QuickHandsOnTestCase9

2019-10-22 13:46:42 - [TEST_STEP][PASSED] - openBrowser(""): Browser is opened with url: ''

2019-10-22 13:46:42 - [MESSAGE][INFO] - Starting 'Firefox' driver

2019-10-22 13:46:46 - [MESSAGE][PASSED] - Browser is opened with url: ''

2019-10-22 13:46:46 - [TEST_STEP][PASSED] - navigateToUrl("http://192.168.56.101/"): Navigate to 'http://192.168.56.101/' successfully

2019-10-22 13:46:47 - [MESSAGE][PASSED] - Navigate to 'http://192.168.56.101/' successfully

2019-10-22 13:46:47 - [TEST_STEP][PASSED] - click(findTestObject("Object Repository/Page_Mad Irish Hacking Academy/a_Contact")): Object: 'Object Repository/Page_Mad Irish Hacking Academy/a_Contact' is clicked on

2019-10-22 13:46:47 - [MESSAGE][PASSED] - Object: 'Object Repository/Page_Mad Irish Hacking Academy/a_Contact' is clicked on

2019-10-22 13:46:47 - [TEST_STEP][PASSED] - verifyTextPresent("Contact", false): Text 'Contact' is present on page 

2019-10-22 13:46:47 - [MESSAGE][PASSED] - Text 'Contact' is present on page 

2019-10-22 13:46:47 - [TEST_STEP][PASSED] - takeScreenshot(): Taking screenshot successfully

2019-10-22 13:46:48 - [MESSAGE][PASSED] - Taking screenshot successfully
[[ATTACHMENT|/Users/albert.woloszyn/Katalon Studio/showCaseDEASP/Reports/20191022_134413/showCaseTestSuite1/20191022_134414/1571748407890.png]]

2019-10-22 13:46:48 - [TEST_STEP][PASSED] - click(findTestObject("Object Repository/Page_Mad Irish Hacking Academy/a_Resources")): Object: 'Object Repository/Page_Mad Irish Hacking Academy/a_Resources' is clicked on

2019-10-22 13:46:48 - [MESSAGE][PASSED] - Object: 'Object Repository/Page_Mad Irish Hacking Academy/a_Resources' is clicked on

2019-10-22 13:46:48 - [TEST_STEP][PASSED] - verifyTextPresent("Resources", false): Text 'Resources' is present on page 

2019-10-22 13:46:48 - [MESSAGE][PASSED] - Text 'Resources' is present on page 

2019-10-22 13:46:48 - [TEST_STEP][PASSED] - takeScreenshot(): Taking screenshot successfully

2019-10-22 13:46:48 - [MESSAGE][PASSED] - Taking screenshot successfully
[[ATTACHMENT|/Users/albert.woloszyn/Katalon Studio/showCaseDEASP/Reports/20191022_134413/showCaseTestSuite1/20191022_134414/1571748408550.png]]

2019-10-22 13:46:48 - [TEST_STEP][PASSED] - click(findTestObject("Object Repository/Page_Mad Irish Hacking Academy/a_Training")): Object: 'Object Repository/Page_Mad Irish Hacking Academy/a_Training' is clicked on

2019-10-22 13:46:48 - [MESSAGE][PASSED] - Object: 'Object Repository/Page_Mad Irish Hacking Academy/a_Training' is clicked on

2019-10-22 13:46:48 - [TEST_STEP][PASSED] - verifyTextPresent("Training", false): Text 'Training' is present on page 

2019-10-22 13:46:49 - [MESSAGE][PASSED] - Text 'Training' is present on page 

2019-10-22 13:46:49 - [TEST_STEP][PASSED] - takeScreenshot(): Taking screenshot successfully

2019-10-22 13:46:49 - [MESSAGE][PASSED] - Taking screenshot successfully
[[ATTACHMENT|/Users/albert.woloszyn/Katalon Studio/showCaseDEASP/Reports/20191022_134413/showCaseTestSuite1/20191022_134414/1571748409003.png]]

2019-10-22 13:46:49 - [TEST_STEP][PASSED] - click(findTestObject("Object Repository/Page_Mad Irish Hacking Academy/a_Resources")): Object: 'Object Repository/Page_Mad Irish Hacking Academy/a_Resources' is clicked on

2019-10-22 13:46:49 - [MESSAGE][PASSED] - Object: 'Object Repository/Page_Mad Irish Hacking Academy/a_Resources' is clicked on

2019-10-22 13:46:49 - [TEST_STEP][PASSED] - takeScreenshot(): Taking screenshot successfully

2019-10-22 13:46:49 - [MESSAGE][PASSED] - Taking screenshot successfully
[[ATTACHMENT|/Users/albert.woloszyn/Katalon Studio/showCaseDEASP/Reports/20191022_134413/showCaseTestSuite1/20191022_134414/1571748409447.png]]

2019-10-22 13:46:49 - [TEST_STEP][PASSED] - click(findTestObject("Object Repository/Page_Mad Irish Hacking Academy/a_Reading")): Object: 'Object Repository/Page_Mad Irish Hacking Academy/a_Reading' is clicked on

2019-10-22 13:46:49 - [MESSAGE][PASSED] - Object: 'Object Repository/Page_Mad Irish Hacking Academy/a_Reading' is clicked on

2019-10-22 13:46:49 - [TEST_STEP][PASSED] - click(findTestObject("Object Repository/Page_Mad Irish Hacking Academy/a_Resources")): Object: 'Object Repository/Page_Mad Irish Hacking Academy/a_Resources' is clicked on

2019-10-22 13:46:50 - [MESSAGE][PASSED] - Object: 'Object Repository/Page_Mad Irish Hacking Academy/a_Resources' is clicked on

2019-10-22 13:46:50 - [TEST_STEP][PASSED] - click(findTestObject("Object Repository/Page_Mad Irish Hacking Academy/a_Newsletter")): Object: 'Object Repository/Page_Mad Irish Hacking Academy/a_Newsletter' is clicked on

2019-10-22 13:46:50 - [MESSAGE][PASSED] - Object: 'Object Repository/Page_Mad Irish Hacking Academy/a_Newsletter' is clicked on

2019-10-22 13:46:50 - [TEST_STEP][PASSED] - click(findTestObject("Object Repository/Page_Mad Irish Hacking Academy/a_Resources")): Object: 'Object Repository/Page_Mad Irish Hacking Academy/a_Resources' is clicked on

2019-10-22 13:46:50 - [MESSAGE][PASSED] - Object: 'Object Repository/Page_Mad Irish Hacking Academy/a_Resources' is clicked on

2019-10-22 13:46:50 - [TEST_STEP][PASSED] - click(findTestObject("Object Repository/Page_Mad Irish Hacking Academy/a_Create account")): Object: 'Object Repository/Page_Mad Irish Hacking Academy/a_Create account' is clicked on

2019-10-22 13:46:50 - [MESSAGE][PASSED] - Object: 'Object Repository/Page_Mad Irish Hacking Academy/a_Create account' is clicked on

2019-10-22 13:46:50 - [TEST_STEP][PASSED] - setText(findTestObject("Object Repository/Page_Mad Irish Hacking Academy/input_Create account_username"), "test123@welfare.ie"): Text 'test123@welfare.ie' is set on object 'Object Repository/Page_Mad Irish Hacking Academy/input_Create account_username'

2019-10-22 13:46:50 - [MESSAGE][PASSED] - Text 'test123@welfare.ie' is set on object 'Object Repository/Page_Mad Irish Hacking Academy/input_Create account_username'

2019-10-22 13:46:50 - [TEST_STEP][PASSED] - setEncryptedText(findTestObject("Object Repository/Page_Mad Irish Hacking Academy/input_Create account_password"), "qP8g4ZP8zmxOyEuCUr69QQ=="): Text ****** has been set on object 'Object Repository/Page_Mad Irish Hacking Academy/input_Create account_password'

2019-10-22 13:46:50 - [MESSAGE][PASSED] - Text ****** has been set on object 'Object Repository/Page_Mad Irish Hacking Academy/input_Create account_password'

2019-10-22 13:46:50 - [TEST_STEP][PASSED] - click(findTestObject("Object Repository/Page_Mad Irish Hacking Academy/button_Sign in")): Object: 'Object Repository/Page_Mad Irish Hacking Academy/button_Sign in' is clicked on

2019-10-22 13:46:51 - [MESSAGE][PASSED] - Object: 'Object Repository/Page_Mad Irish Hacking Academy/button_Sign in' is clicked on

2019-10-22 13:46:51 - [TEST_STEP][PASSED] - setText(findTestObject("Object Repository/Page_Mad Irish Hacking Academy/input_Email_email"), "test@welfare.ie"): Text 'test@welfare.ie' is set on object 'Object Repository/Page_Mad Irish Hacking Academy/input_Email_email'

2019-10-22 13:46:51 - [MESSAGE][PASSED] - Text 'test@welfare.ie' is set on object 'Object Repository/Page_Mad Irish Hacking Academy/input_Email_email'

2019-10-22 13:46:51 - [TEST_STEP][PASSED] - setEncryptedText(findTestObject("Object Repository/Page_Mad Irish Hacking Academy/input_Password_password"), "Wt9tj4kC2zrPXzAR6+1IxQ=="): Text ****** has been set on object 'Object Repository/Page_Mad Irish Hacking Academy/input_Password_password'

2019-10-22 13:46:51 - [MESSAGE][PASSED] - Text ****** has been set on object 'Object Repository/Page_Mad Irish Hacking Academy/input_Password_password'

2019-10-22 13:46:51 - [TEST_STEP][PASSED] - click(findTestObject("Object Repository/Page_Mad Irish Hacking Academy/button_Register")): Object: 'Object Repository/Page_Mad Irish Hacking Academy/button_Register' is clicked on

2019-10-22 13:46:51 - [MESSAGE][PASSED] - Object: 'Object Repository/Page_Mad Irish Hacking Academy/button_Register' is clicked on

2019-10-22 13:46:51 - [TEST_STEP][PASSED] - closeBrowser(): Browser is closed

2019-10-22 13:46:53 - [MESSAGE][PASSED] - Browser is closed</system-out>
            <system-err></system-err>
        </testcase>
        <testcase name="Test Cases/QuickHandsOnTestCase6" classname="Test Cases/QuickHandsOnTestCase6" status="PASSED">
            <system-out>2019-10-22 13:46:53 - [TEST_CASE][PASSED] - Test Cases/QuickHandsOnTestCase6: Test Cases/QuickHandsOnTestCase6

2019-10-22 13:46:53 - [TEST_STEP][PASSED] - openBrowser(""): Browser is opened with url: ''

2019-10-22 13:46:53 - [MESSAGE][INFO] - Starting 'Firefox' driver

2019-10-22 13:46:57 - [MESSAGE][PASSED] - Browser is opened with url: ''

2019-10-22 13:46:57 - [TEST_STEP][PASSED] - navigateToUrl("http://192.168.56.101/"): Navigate to 'http://192.168.56.101/' successfully

2019-10-22 13:46:57 - [MESSAGE][PASSED] - Navigate to 'http://192.168.56.101/' successfully

2019-10-22 13:46:57 - [TEST_STEP][PASSED] - click(findTestObject("Object Repository/Page_Mad Irish Hacking Academy/a_Contact")): Object: 'Object Repository/Page_Mad Irish Hacking Academy/a_Contact' is clicked on

2019-10-22 13:46:57 - [MESSAGE][PASSED] - Object: 'Object Repository/Page_Mad Irish Hacking Academy/a_Contact' is clicked on

2019-10-22 13:46:57 - [TEST_STEP][PASSED] - verifyTextPresent("Contact", false): Text 'Contact' is present on page 

2019-10-22 13:46:57 - [MESSAGE][PASSED] - Text 'Contact' is present on page 

2019-10-22 13:46:57 - [TEST_STEP][PASSED] - takeScreenshot(): Taking screenshot successfully

2019-10-22 13:46:58 - [MESSAGE][PASSED] - Taking screenshot successfully
[[ATTACHMENT|/Users/albert.woloszyn/Katalon Studio/showCaseDEASP/Reports/20191022_134413/showCaseTestSuite1/20191022_134414/1571748417895.png]]

2019-10-22 13:46:58 - [TEST_STEP][PASSED] - click(findTestObject("Object Repository/Page_Mad Irish Hacking Academy/a_Resources")): Object: 'Object Repository/Page_Mad Irish Hacking Academy/a_Resources' is clicked on

2019-10-22 13:46:58 - [MESSAGE][PASSED] - Object: 'Object Repository/Page_Mad Irish Hacking Academy/a_Resources' is clicked on

2019-10-22 13:46:58 - [TEST_STEP][PASSED] - verifyTextPresent("Resources", false): Text 'Resources' is present on page 

2019-10-22 13:46:58 - [MESSAGE][PASSED] - Text 'Resources' is present on page 

2019-10-22 13:46:58 - [TEST_STEP][PASSED] - takeScreenshot(): Taking screenshot successfully

2019-10-22 13:46:58 - [MESSAGE][PASSED] - Taking screenshot successfully
[[ATTACHMENT|/Users/albert.woloszyn/Katalon Studio/showCaseDEASP/Reports/20191022_134413/showCaseTestSuite1/20191022_134414/1571748418472.png]]

2019-10-22 13:46:58 - [TEST_STEP][PASSED] - click(findTestObject("Object Repository/Page_Mad Irish Hacking Academy/a_Training")): Object: 'Object Repository/Page_Mad Irish Hacking Academy/a_Training' is clicked on

2019-10-22 13:46:58 - [MESSAGE][PASSED] - Object: 'Object Repository/Page_Mad Irish Hacking Academy/a_Training' is clicked on

2019-10-22 13:46:58 - [TEST_STEP][PASSED] - verifyTextPresent("Training", false): Text 'Training' is present on page 

2019-10-22 13:46:58 - [MESSAGE][PASSED] - Text 'Training' is present on page 

2019-10-22 13:46:58 - [TEST_STEP][PASSED] - takeScreenshot(): Taking screenshot successfully

2019-10-22 13:46:59 - [MESSAGE][PASSED] - Taking screenshot successfully
[[ATTACHMENT|/Users/albert.woloszyn/Katalon Studio/showCaseDEASP/Reports/20191022_134413/showCaseTestSuite1/20191022_134414/1571748418826.png]]

2019-10-22 13:46:59 - [TEST_STEP][PASSED] - click(findTestObject("Object Repository/Page_Mad Irish Hacking Academy/a_Resources")): Object: 'Object Repository/Page_Mad Irish Hacking Academy/a_Resources' is clicked on

2019-10-22 13:46:59 - [MESSAGE][PASSED] - Object: 'Object Repository/Page_Mad Irish Hacking Academy/a_Resources' is clicked on

2019-10-22 13:46:59 - [TEST_STEP][PASSED] - takeScreenshot(): Taking screenshot successfully

2019-10-22 13:46:59 - [MESSAGE][PASSED] - Taking screenshot successfully
[[ATTACHMENT|/Users/albert.woloszyn/Katalon Studio/showCaseDEASP/Reports/20191022_134413/showCaseTestSuite1/20191022_134414/1571748419356.png]]

2019-10-22 13:46:59 - [TEST_STEP][PASSED] - click(findTestObject("Object Repository/Page_Mad Irish Hacking Academy/a_Reading")): Object: 'Object Repository/Page_Mad Irish Hacking Academy/a_Reading' is clicked on

2019-10-22 13:46:59 - [MESSAGE][PASSED] - Object: 'Object Repository/Page_Mad Irish Hacking Academy/a_Reading' is clicked on

2019-10-22 13:46:59 - [TEST_STEP][PASSED] - click(findTestObject("Object Repository/Page_Mad Irish Hacking Academy/a_Resources")): Object: 'Object Repository/Page_Mad Irish Hacking Academy/a_Resources' is clicked on

2019-10-22 13:47:00 - [MESSAGE][PASSED] - Object: 'Object Repository/Page_Mad Irish Hacking Academy/a_Resources' is clicked on

2019-10-22 13:47:00 - [TEST_STEP][PASSED] - click(findTestObject("Object Repository/Page_Mad Irish Hacking Academy/a_Newsletter")): Object: 'Object Repository/Page_Mad Irish Hacking Academy/a_Newsletter' is clicked on

2019-10-22 13:47:00 - [MESSAGE][PASSED] - Object: 'Object Repository/Page_Mad Irish Hacking Academy/a_Newsletter' is clicked on

2019-10-22 13:47:00 - [TEST_STEP][PASSED] - click(findTestObject("Object Repository/Page_Mad Irish Hacking Academy/a_Resources")): Object: 'Object Repository/Page_Mad Irish Hacking Academy/a_Resources' is clicked on

2019-10-22 13:47:00 - [MESSAGE][PASSED] - Object: 'Object Repository/Page_Mad Irish Hacking Academy/a_Resources' is clicked on

2019-10-22 13:47:00 - [TEST_STEP][PASSED] - click(findTestObject("Object Repository/Page_Mad Irish Hacking Academy/a_Create account")): Object: 'Object Repository/Page_Mad Irish Hacking Academy/a_Create account' is clicked on

2019-10-22 13:47:01 - [MESSAGE][PASSED] - Object: 'Object Repository/Page_Mad Irish Hacking Academy/a_Create account' is clicked on

2019-10-22 13:47:01 - [TEST_STEP][PASSED] - setText(findTestObject("Object Repository/Page_Mad Irish Hacking Academy/input_Create account_username"), "test123@welfare.ie"): Text 'test123@welfare.ie' is set on object 'Object Repository/Page_Mad Irish Hacking Academy/input_Create account_username'

2019-10-22 13:47:01 - [MESSAGE][PASSED] - Text 'test123@welfare.ie' is set on object 'Object Repository/Page_Mad Irish Hacking Academy/input_Create account_username'

2019-10-22 13:47:01 - [TEST_STEP][PASSED] - setEncryptedText(findTestObject("Object Repository/Page_Mad Irish Hacking Academy/input_Create account_password"), "qP8g4ZP8zmxOyEuCUr69QQ=="): Text ****** has been set on object 'Object Repository/Page_Mad Irish Hacking Academy/input_Create account_password'

2019-10-22 13:47:01 - [MESSAGE][PASSED] - Text ****** has been set on object 'Object Repository/Page_Mad Irish Hacking Academy/input_Create account_password'

2019-10-22 13:47:01 - [TEST_STEP][PASSED] - click(findTestObject("Object Repository/Page_Mad Irish Hacking Academy/button_Sign in")): Object: 'Object Repository/Page_Mad Irish Hacking Academy/button_Sign in' is clicked on

2019-10-22 13:47:01 - [MESSAGE][PASSED] - Object: 'Object Repository/Page_Mad Irish Hacking Academy/button_Sign in' is clicked on

2019-10-22 13:47:01 - [TEST_STEP][PASSED] - setText(findTestObject("Object Repository/Page_Mad Irish Hacking Academy/input_Email_email"), "test@welfare.ie"): Text 'test@welfare.ie' is set on object 'Object Repository/Page_Mad Irish Hacking Academy/input_Email_email'

2019-10-22 13:47:01 - [MESSAGE][PASSED] - Text 'test@welfare.ie' is set on object 'Object Repository/Page_Mad Irish Hacking Academy/input_Email_email'

2019-10-22 13:47:01 - [TEST_STEP][PASSED] - setEncryptedText(findTestObject("Object Repository/Page_Mad Irish Hacking Academy/input_Password_password"), "Wt9tj4kC2zrPXzAR6+1IxQ=="): Text ****** has been set on object 'Object Repository/Page_Mad Irish Hacking Academy/input_Password_password'

2019-10-22 13:47:01 - [MESSAGE][PASSED] - Text ****** has been set on object 'Object Repository/Page_Mad Irish Hacking Academy/input_Password_password'

2019-10-22 13:47:01 - [TEST_STEP][PASSED] - click(findTestObject("Object Repository/Page_Mad Irish Hacking Academy/button_Register")): Object: 'Object Repository/Page_Mad Irish Hacking Academy/button_Register' is clicked on

2019-10-22 13:47:02 - [MESSAGE][PASSED] - Object: 'Object Repository/Page_Mad Irish Hacking Academy/button_Register' is clicked on

2019-10-22 13:47:02 - [TEST_STEP][PASSED] - closeBrowser(): Browser is closed

2019-10-22 13:47:04 - [MESSAGE][PASSED] - Browser is closed</system-out>
            <system-err></system-err>
        </testcase>
        <testcase name="Test Cases/QuickHandsOnTestCase2" classname="Test Cases/QuickHandsOnTestCase2" status="PASSED">
            <system-out>2019-10-22 13:47:04 - [TEST_CASE][PASSED] - Test Cases/QuickHandsOnTestCase2: Test Cases/QuickHandsOnTestCase2

2019-10-22 13:47:04 - [TEST_STEP][PASSED] - openBrowser(""): Browser is opened with url: ''

2019-10-22 13:47:04 - [MESSAGE][INFO] - Starting 'Firefox' driver

2019-10-22 13:47:08 - [MESSAGE][PASSED] - Browser is opened with url: ''

2019-10-22 13:47:08 - [TEST_STEP][PASSED] - navigateToUrl("http://192.168.56.101/"): Navigate to 'http://192.168.56.101/' successfully

2019-10-22 13:47:08 - [MESSAGE][PASSED] - Navigate to 'http://192.168.56.101/' successfully

2019-10-22 13:47:08 - [TEST_STEP][PASSED] - click(findTestObject("Object Repository/Page_Mad Irish Hacking Academy/a_Contact")): Object: 'Object Repository/Page_Mad Irish Hacking Academy/a_Contact' is clicked on

2019-10-22 13:47:08 - [MESSAGE][PASSED] - Object: 'Object Repository/Page_Mad Irish Hacking Academy/a_Contact' is clicked on

2019-10-22 13:47:08 - [TEST_STEP][PASSED] - verifyTextPresent("Contact", false): Text 'Contact' is present on page 

2019-10-22 13:47:09 - [MESSAGE][PASSED] - Text 'Contact' is present on page 

2019-10-22 13:47:09 - [TEST_STEP][PASSED] - takeScreenshot(): Taking screenshot successfully

2019-10-22 13:47:09 - [MESSAGE][PASSED] - Taking screenshot successfully
[[ATTACHMENT|/Users/albert.woloszyn/Katalon Studio/showCaseDEASP/Reports/20191022_134413/showCaseTestSuite1/20191022_134414/1571748429105.png]]

2019-10-22 13:47:09 - [TEST_STEP][PASSED] - click(findTestObject("Object Repository/Page_Mad Irish Hacking Academy/a_Resources")): Object: 'Object Repository/Page_Mad Irish Hacking Academy/a_Resources' is clicked on

2019-10-22 13:47:09 - [MESSAGE][PASSED] - Object: 'Object Repository/Page_Mad Irish Hacking Academy/a_Resources' is clicked on

2019-10-22 13:47:09 - [TEST_STEP][PASSED] - verifyTextPresent("Resources", false): Text 'Resources' is present on page 

2019-10-22 13:47:09 - [MESSAGE][PASSED] - Text 'Resources' is present on page 

2019-10-22 13:47:09 - [TEST_STEP][PASSED] - takeScreenshot(): Taking screenshot successfully

2019-10-22 13:47:09 - [MESSAGE][PASSED] - Taking screenshot successfully
[[ATTACHMENT|/Users/albert.woloszyn/Katalon Studio/showCaseDEASP/Reports/20191022_134413/showCaseTestSuite1/20191022_134414/1571748429554.png]]

2019-10-22 13:47:09 - [TEST_STEP][PASSED] - click(findTestObject("Object Repository/Page_Mad Irish Hacking Academy/a_Training")): Object: 'Object Repository/Page_Mad Irish Hacking Academy/a_Training' is clicked on

2019-10-22 13:47:09 - [MESSAGE][PASSED] - Object: 'Object Repository/Page_Mad Irish Hacking Academy/a_Training' is clicked on

2019-10-22 13:47:09 - [TEST_STEP][PASSED] - verifyTextPresent("Training", false): Text 'Training' is present on page 

2019-10-22 13:47:09 - [MESSAGE][PASSED] - Text 'Training' is present on page 

2019-10-22 13:47:09 - [TEST_STEP][PASSED] - takeScreenshot(): Taking screenshot successfully

2019-10-22 13:47:10 - [MESSAGE][PASSED] - Taking screenshot successfully
[[ATTACHMENT|/Users/albert.woloszyn/Katalon Studio/showCaseDEASP/Reports/20191022_134413/showCaseTestSuite1/20191022_134414/1571748429958.png]]

2019-10-22 13:47:10 - [TEST_STEP][PASSED] - click(findTestObject("Object Repository/Page_Mad Irish Hacking Academy/a_Resources")): Object: 'Object Repository/Page_Mad Irish Hacking Academy/a_Resources' is clicked on

2019-10-22 13:47:10 - [MESSAGE][PASSED] - Object: 'Object Repository/Page_Mad Irish Hacking Academy/a_Resources' is clicked on

2019-10-22 13:47:10 - [TEST_STEP][PASSED] - takeScreenshot(): Taking screenshot successfully

2019-10-22 13:47:10 - [MESSAGE][PASSED] - Taking screenshot successfully
[[ATTACHMENT|/Users/albert.woloszyn/Katalon Studio/showCaseDEASP/Reports/20191022_134413/showCaseTestSuite1/20191022_134414/1571748430316.png]]

2019-10-22 13:47:10 - [TEST_STEP][PASSED] - click(findTestObject("Object Repository/Page_Mad Irish Hacking Academy/a_Reading")): Object: 'Object Repository/Page_Mad Irish Hacking Academy/a_Reading' is clicked on

2019-10-22 13:47:10 - [MESSAGE][PASSED] - Object: 'Object Repository/Page_Mad Irish Hacking Academy/a_Reading' is clicked on

2019-10-22 13:47:10 - [TEST_STEP][PASSED] - click(findTestObject("Object Repository/Page_Mad Irish Hacking Academy/a_Resources")): Object: 'Object Repository/Page_Mad Irish Hacking Academy/a_Resources' is clicked on

2019-10-22 13:47:10 - [MESSAGE][PASSED] - Object: 'Object Repository/Page_Mad Irish Hacking Academy/a_Resources' is clicked on

2019-10-22 13:47:10 - [TEST_STEP][PASSED] - click(findTestObject("Object Repository/Page_Mad Irish Hacking Academy/a_Newsletter")): Object: 'Object Repository/Page_Mad Irish Hacking Academy/a_Newsletter' is clicked on

2019-10-22 13:47:11 - [MESSAGE][PASSED] - Object: 'Object Repository/Page_Mad Irish Hacking Academy/a_Newsletter' is clicked on

2019-10-22 13:47:11 - [TEST_STEP][PASSED] - click(findTestObject("Object Repository/Page_Mad Irish Hacking Academy/a_Resources")): Object: 'Object Repository/Page_Mad Irish Hacking Academy/a_Resources' is clicked on

2019-10-22 13:47:11 - [MESSAGE][PASSED] - Object: 'Object Repository/Page_Mad Irish Hacking Academy/a_Resources' is clicked on

2019-10-22 13:47:11 - [TEST_STEP][PASSED] - click(findTestObject("Object Repository/Page_Mad Irish Hacking Academy/a_Create account")): Object: 'Object Repository/Page_Mad Irish Hacking Academy/a_Create account' is clicked on

2019-10-22 13:47:11 - [MESSAGE][PASSED] - Object: 'Object Repository/Page_Mad Irish Hacking Academy/a_Create account' is clicked on

2019-10-22 13:47:11 - [TEST_STEP][PASSED] - setText(findTestObject("Object Repository/Page_Mad Irish Hacking Academy/input_Create account_username"), "test123@welfare.ie"): Text 'test123@welfare.ie' is set on object 'Object Repository/Page_Mad Irish Hacking Academy/input_Create account_username'

2019-10-22 13:47:11 - [MESSAGE][PASSED] - Text 'test123@welfare.ie' is set on object 'Object Repository/Page_Mad Irish Hacking Academy/input_Create account_username'

2019-10-22 13:47:11 - [TEST_STEP][PASSED] - setEncryptedText(findTestObject("Object Repository/Page_Mad Irish Hacking Academy/input_Create account_password"), "qP8g4ZP8zmxOyEuCUr69QQ=="): Text ****** has been set on object 'Object Repository/Page_Mad Irish Hacking Academy/input_Create account_password'

2019-10-22 13:47:11 - [MESSAGE][PASSED] - Text ****** has been set on object 'Object Repository/Page_Mad Irish Hacking Academy/input_Create account_password'

2019-10-22 13:47:11 - [TEST_STEP][PASSED] - click(findTestObject("Object Repository/Page_Mad Irish Hacking Academy/button_Sign in")): Object: 'Object Repository/Page_Mad Irish Hacking Academy/button_Sign in' is clicked on

2019-10-22 13:47:11 - [MESSAGE][PASSED] - Object: 'Object Repository/Page_Mad Irish Hacking Academy/button_Sign in' is clicked on

2019-10-22 13:47:11 - [TEST_STEP][PASSED] - setText(findTestObject("Object Repository/Page_Mad Irish Hacking Academy/input_Email_email"), "test@welfare.ie"): Text 'test@welfare.ie' is set on object 'Object Repository/Page_Mad Irish Hacking Academy/input_Email_email'

2019-10-22 13:47:12 - [MESSAGE][PASSED] - Text 'test@welfare.ie' is set on object 'Object Repository/Page_Mad Irish Hacking Academy/input_Email_email'

2019-10-22 13:47:12 - [TEST_STEP][PASSED] - setEncryptedText(findTestObject("Object Repository/Page_Mad Irish Hacking Academy/input_Password_password"), "Wt9tj4kC2zrPXzAR6+1IxQ=="): Text ****** has been set on object 'Object Repository/Page_Mad Irish Hacking Academy/input_Password_password'

2019-10-22 13:47:12 - [MESSAGE][PASSED] - Text ****** has been set on object 'Object Repository/Page_Mad Irish Hacking Academy/input_Password_password'

2019-10-22 13:47:12 - [TEST_STEP][PASSED] - click(findTestObject("Object Repository/Page_Mad Irish Hacking Academy/button_Register")): Object: 'Object Repository/Page_Mad Irish Hacking Academy/button_Register' is clicked on

2019-10-22 13:47:12 - [MESSAGE][PASSED] - Object: 'Object Repository/Page_Mad Irish Hacking Academy/button_Register' is clicked on

2019-10-22 13:47:12 - [TEST_STEP][PASSED] - closeBrowser(): Browser is closed

2019-10-22 13:47:14 - [MESSAGE][PASSED] - Browser is closed</system-out>
            <system-err></system-err>
        </testcase>
        <testcase name="Test Cases/QuickHandsOnTestCase3" classname="Test Cases/QuickHandsOnTestCase3" status="PASSED">
            <system-out>2019-10-22 13:47:14 - [TEST_CASE][PASSED] - Test Cases/QuickHandsOnTestCase3: Test Cases/QuickHandsOnTestCase3

2019-10-22 13:47:14 - [TEST_STEP][PASSED] - openBrowser(""): Browser is opened with url: ''

2019-10-22 13:47:14 - [MESSAGE][INFO] - Starting 'Firefox' driver

2019-10-22 13:47:18 - [MESSAGE][PASSED] - Browser is opened with url: ''

2019-10-22 13:47:18 - [TEST_STEP][PASSED] - navigateToUrl("http://192.168.56.101/"): Navigate to 'http://192.168.56.101/' successfully

2019-10-22 13:47:18 - [MESSAGE][PASSED] - Navigate to 'http://192.168.56.101/' successfully

2019-10-22 13:47:18 - [TEST_STEP][PASSED] - click(findTestObject("Object Repository/Page_Mad Irish Hacking Academy/a_Contact")): Object: 'Object Repository/Page_Mad Irish Hacking Academy/a_Contact' is clicked on

2019-10-22 13:47:19 - [MESSAGE][PASSED] - Object: 'Object Repository/Page_Mad Irish Hacking Academy/a_Contact' is clicked on

2019-10-22 13:47:19 - [TEST_STEP][PASSED] - verifyTextPresent("Contact", false): Text 'Contact' is present on page 

2019-10-22 13:47:19 - [MESSAGE][PASSED] - Text 'Contact' is present on page 

2019-10-22 13:47:19 - [TEST_STEP][PASSED] - takeScreenshot(): Taking screenshot successfully

2019-10-22 13:47:19 - [MESSAGE][PASSED] - Taking screenshot successfully
[[ATTACHMENT|/Users/albert.woloszyn/Katalon Studio/showCaseDEASP/Reports/20191022_134413/showCaseTestSuite1/20191022_134414/1571748439144.png]]

2019-10-22 13:47:19 - [TEST_STEP][PASSED] - click(findTestObject("Object Repository/Page_Mad Irish Hacking Academy/a_Resources")): Object: 'Object Repository/Page_Mad Irish Hacking Academy/a_Resources' is clicked on

2019-10-22 13:47:19 - [MESSAGE][PASSED] - Object: 'Object Repository/Page_Mad Irish Hacking Academy/a_Resources' is clicked on

2019-10-22 13:47:19 - [TEST_STEP][PASSED] - verifyTextPresent("Resources", false): Text 'Resources' is present on page 

2019-10-22 13:47:19 - [MESSAGE][PASSED] - Text 'Resources' is present on page 

2019-10-22 13:47:19 - [TEST_STEP][PASSED] - takeScreenshot(): Taking screenshot successfully

2019-10-22 13:47:19 - [MESSAGE][PASSED] - Taking screenshot successfully
[[ATTACHMENT|/Users/albert.woloszyn/Katalon Studio/showCaseDEASP/Reports/20191022_134413/showCaseTestSuite1/20191022_134414/1571748439661.png]]

2019-10-22 13:47:19 - [TEST_STEP][PASSED] - click(findTestObject("Object Repository/Page_Mad Irish Hacking Academy/a_Training")): Object: 'Object Repository/Page_Mad Irish Hacking Academy/a_Training' is clicked on

2019-10-22 13:47:20 - [MESSAGE][PASSED] - Object: 'Object Repository/Page_Mad Irish Hacking Academy/a_Training' is clicked on

2019-10-22 13:47:20 - [TEST_STEP][PASSED] - verifyTextPresent("Training", false): Text 'Training' is present on page 

2019-10-22 13:47:20 - [MESSAGE][PASSED] - Text 'Training' is present on page 

2019-10-22 13:47:20 - [TEST_STEP][PASSED] - takeScreenshot(): Taking screenshot successfully

2019-10-22 13:47:20 - [MESSAGE][PASSED] - Taking screenshot successfully
[[ATTACHMENT|/Users/albert.woloszyn/Katalon Studio/showCaseDEASP/Reports/20191022_134413/showCaseTestSuite1/20191022_134414/1571748440074.png]]

2019-10-22 13:47:20 - [TEST_STEP][PASSED] - click(findTestObject("Object Repository/Page_Mad Irish Hacking Academy/a_Resources")): Object: 'Object Repository/Page_Mad Irish Hacking Academy/a_Resources' is clicked on

2019-10-22 13:47:20 - [MESSAGE][PASSED] - Object: 'Object Repository/Page_Mad Irish Hacking Academy/a_Resources' is clicked on

2019-10-22 13:47:20 - [TEST_STEP][PASSED] - takeScreenshot(): Taking screenshot successfully

2019-10-22 13:47:20 - [MESSAGE][PASSED] - Taking screenshot successfully
[[ATTACHMENT|/Users/albert.woloszyn/Katalon Studio/showCaseDEASP/Reports/20191022_134413/showCaseTestSuite1/20191022_134414/1571748440573.png]]

2019-10-22 13:47:20 - [TEST_STEP][PASSED] - click(findTestObject("Object Repository/Page_Mad Irish Hacking Academy/a_Reading")): Object: 'Object Repository/Page_Mad Irish Hacking Academy/a_Reading' is clicked on

2019-10-22 13:47:21 - [MESSAGE][PASSED] - Object: 'Object Repository/Page_Mad Irish Hacking Academy/a_Reading' is clicked on

2019-10-22 13:47:21 - [TEST_STEP][PASSED] - click(findTestObject("Object Repository/Page_Mad Irish Hacking Academy/a_Resources")): Object: 'Object Repository/Page_Mad Irish Hacking Academy/a_Resources' is clicked on

2019-10-22 13:47:21 - [MESSAGE][PASSED] - Object: 'Object Repository/Page_Mad Irish Hacking Academy/a_Resources' is clicked on

2019-10-22 13:47:21 - [TEST_STEP][PASSED] - click(findTestObject("Object Repository/Page_Mad Irish Hacking Academy/a_Newsletter")): Object: 'Object Repository/Page_Mad Irish Hacking Academy/a_Newsletter' is clicked on

2019-10-22 13:47:21 - [MESSAGE][PASSED] - Object: 'Object Repository/Page_Mad Irish Hacking Academy/a_Newsletter' is clicked on

2019-10-22 13:47:21 - [TEST_STEP][PASSED] - click(findTestObject("Object Repository/Page_Mad Irish Hacking Academy/a_Resources")): Object: 'Object Repository/Page_Mad Irish Hacking Academy/a_Resources' is clicked on

2019-10-22 13:47:21 - [MESSAGE][PASSED] - Object: 'Object Repository/Page_Mad Irish Hacking Academy/a_Resources' is clicked on

2019-10-22 13:47:21 - [TEST_STEP][PASSED] - click(findTestObject("Object Repository/Page_Mad Irish Hacking Academy/a_Create account")): Object: 'Object Repository/Page_Mad Irish Hacking Academy/a_Create account' is clicked on

2019-10-22 13:47:22 - [MESSAGE][PASSED] - Object: 'Object Repository/Page_Mad Irish Hacking Academy/a_Create account' is clicked on

2019-10-22 13:47:22 - [TEST_STEP][PASSED] - setText(findTestObject("Object Repository/Page_Mad Irish Hacking Academy/input_Create account_username"), "test123@welfare.ie"): Text 'test123@welfare.ie' is set on object 'Object Repository/Page_Mad Irish Hacking Academy/input_Create account_username'

2019-10-22 13:47:22 - [MESSAGE][PASSED] - Text 'test123@welfare.ie' is set on object 'Object Repository/Page_Mad Irish Hacking Academy/input_Create account_username'

2019-10-22 13:47:22 - [TEST_STEP][PASSED] - setEncryptedText(findTestObject("Object Repository/Page_Mad Irish Hacking Academy/input_Create account_password"), "qP8g4ZP8zmxOyEuCUr69QQ=="): Text ****** has been set on object 'Object Repository/Page_Mad Irish Hacking Academy/input_Create account_password'

2019-10-22 13:47:22 - [MESSAGE][PASSED] - Text ****** has been set on object 'Object Repository/Page_Mad Irish Hacking Academy/input_Create account_password'

2019-10-22 13:47:22 - [TEST_STEP][PASSED] - click(findTestObject("Object Repository/Page_Mad Irish Hacking Academy/button_Sign in")): Object: 'Object Repository/Page_Mad Irish Hacking Academy/button_Sign in' is clicked on

2019-10-22 13:47:22 - [MESSAGE][PASSED] - Object: 'Object Repository/Page_Mad Irish Hacking Academy/button_Sign in' is clicked on

2019-10-22 13:47:22 - [TEST_STEP][PASSED] - setText(findTestObject("Object Repository/Page_Mad Irish Hacking Academy/input_Email_email"), "test@welfare.ie"): Text 'test@welfare.ie' is set on object 'Object Repository/Page_Mad Irish Hacking Academy/input_Email_email'

2019-10-22 13:47:22 - [MESSAGE][PASSED] - Text 'test@welfare.ie' is set on object 'Object Repository/Page_Mad Irish Hacking Academy/input_Email_email'

2019-10-22 13:47:22 - [TEST_STEP][PASSED] - setEncryptedText(findTestObject("Object Repository/Page_Mad Irish Hacking Academy/input_Password_password"), "Wt9tj4kC2zrPXzAR6+1IxQ=="): Text ****** has been set on object 'Object Repository/Page_Mad Irish Hacking Academy/input_Password_password'

2019-10-22 13:47:22 - [MESSAGE][PASSED] - Text ****** has been set on object 'Object Repository/Page_Mad Irish Hacking Academy/input_Password_password'

2019-10-22 13:47:22 - [TEST_STEP][PASSED] - click(findTestObject("Object Repository/Page_Mad Irish Hacking Academy/button_Register")): Object: 'Object Repository/Page_Mad Irish Hacking Academy/button_Register' is clicked on

2019-10-22 13:47:23 - [MESSAGE][PASSED] - Object: 'Object Repository/Page_Mad Irish Hacking Academy/button_Register' is clicked on

2019-10-22 13:47:23 - [TEST_STEP][PASSED] - closeBrowser(): Browser is closed

2019-10-22 13:47:26 - [MESSAGE][PASSED] - Browser is closed</system-out>
            <system-err></system-err>
        </testcase>
        <testcase name="Test Cases/QuickHandsOnTestCase7" classname="Test Cases/QuickHandsOnTestCase7" status="PASSED">
            <system-out>2019-10-22 13:47:26 - [TEST_CASE][PASSED] - Test Cases/QuickHandsOnTestCase7: Test Cases/QuickHandsOnTestCase7

2019-10-22 13:47:27 - [TEST_STEP][PASSED] - openBrowser(""): Browser is opened with url: ''

2019-10-22 13:47:27 - [MESSAGE][INFO] - Starting 'Firefox' driver

2019-10-22 13:47:30 - [MESSAGE][PASSED] - Browser is opened with url: ''

2019-10-22 13:47:30 - [TEST_STEP][PASSED] - navigateToUrl("http://192.168.56.101/"): Navigate to 'http://192.168.56.101/' successfully

2019-10-22 13:47:30 - [MESSAGE][PASSED] - Navigate to 'http://192.168.56.101/' successfully

2019-10-22 13:47:30 - [TEST_STEP][PASSED] - click(findTestObject("Object Repository/Page_Mad Irish Hacking Academy/a_Contact")): Object: 'Object Repository/Page_Mad Irish Hacking Academy/a_Contact' is clicked on

2019-10-22 13:47:31 - [MESSAGE][PASSED] - Object: 'Object Repository/Page_Mad Irish Hacking Academy/a_Contact' is clicked on

2019-10-22 13:47:31 - [TEST_STEP][PASSED] - verifyTextPresent("Contact", false): Text 'Contact' is present on page 

2019-10-22 13:47:31 - [MESSAGE][PASSED] - Text 'Contact' is present on page 

2019-10-22 13:47:31 - [TEST_STEP][PASSED] - takeScreenshot(): Taking screenshot successfully

2019-10-22 13:47:31 - [MESSAGE][PASSED] - Taking screenshot successfully
[[ATTACHMENT|/Users/albert.woloszyn/Katalon Studio/showCaseDEASP/Reports/20191022_134413/showCaseTestSuite1/20191022_134414/1571748451223.png]]

2019-10-22 13:47:31 - [TEST_STEP][PASSED] - click(findTestObject("Object Repository/Page_Mad Irish Hacking Academy/a_Resources")): Object: 'Object Repository/Page_Mad Irish Hacking Academy/a_Resources' is clicked on

2019-10-22 13:47:31 - [MESSAGE][PASSED] - Object: 'Object Repository/Page_Mad Irish Hacking Academy/a_Resources' is clicked on

2019-10-22 13:47:31 - [TEST_STEP][PASSED] - verifyTextPresent("Resources", false): Text 'Resources' is present on page 

2019-10-22 13:47:32 - [MESSAGE][PASSED] - Text 'Resources' is present on page 

2019-10-22 13:47:32 - [TEST_STEP][PASSED] - takeScreenshot(): Taking screenshot successfully

2019-10-22 13:47:32 - [MESSAGE][PASSED] - Taking screenshot successfully
[[ATTACHMENT|/Users/albert.woloszyn/Katalon Studio/showCaseDEASP/Reports/20191022_134413/showCaseTestSuite1/20191022_134414/1571748452030.png]]

2019-10-22 13:47:32 - [TEST_STEP][PASSED] - click(findTestObject("Object Repository/Page_Mad Irish Hacking Academy/a_Training")): Object: 'Object Repository/Page_Mad Irish Hacking Academy/a_Training' is clicked on

2019-10-22 13:47:32 - [MESSAGE][PASSED] - Object: 'Object Repository/Page_Mad Irish Hacking Academy/a_Training' is clicked on

2019-10-22 13:47:32 - [TEST_STEP][PASSED] - verifyTextPresent("Training", false): Text 'Training' is present on page 

2019-10-22 13:47:32 - [MESSAGE][PASSED] - Text 'Training' is present on page 

2019-10-22 13:47:32 - [TEST_STEP][PASSED] - takeScreenshot(): Taking screenshot successfully

2019-10-22 13:47:32 - [MESSAGE][PASSED] - Taking screenshot successfully
[[ATTACHMENT|/Users/albert.woloszyn/Katalon Studio/showCaseDEASP/Reports/20191022_134413/showCaseTestSuite1/20191022_134414/1571748452378.png]]

2019-10-22 13:47:32 - [TEST_STEP][PASSED] - click(findTestObject("Object Repository/Page_Mad Irish Hacking Academy/a_Resources")): Object: 'Object Repository/Page_Mad Irish Hacking Academy/a_Resources' is clicked on

2019-10-22 13:47:32 - [MESSAGE][PASSED] - Object: 'Object Repository/Page_Mad Irish Hacking Academy/a_Resources' is clicked on

2019-10-22 13:47:32 - [TEST_STEP][PASSED] - takeScreenshot(): Taking screenshot successfully

2019-10-22 13:47:32 - [MESSAGE][PASSED] - Taking screenshot successfully
[[ATTACHMENT|/Users/albert.woloszyn/Katalon Studio/showCaseDEASP/Reports/20191022_134413/showCaseTestSuite1/20191022_134414/1571748452753.png]]

2019-10-22 13:47:32 - [TEST_STEP][PASSED] - click(findTestObject("Object Repository/Page_Mad Irish Hacking Academy/a_Reading")): Object: 'Object Repository/Page_Mad Irish Hacking Academy/a_Reading' is clicked on

2019-10-22 13:47:33 - [MESSAGE][PASSED] - Object: 'Object Repository/Page_Mad Irish Hacking Academy/a_Reading' is clicked on

2019-10-22 13:47:33 - [TEST_STEP][PASSED] - click(findTestObject("Object Repository/Page_Mad Irish Hacking Academy/a_Resources")): Object: 'Object Repository/Page_Mad Irish Hacking Academy/a_Resources' is clicked on

2019-10-22 13:47:33 - [MESSAGE][PASSED] - Object: 'Object Repository/Page_Mad Irish Hacking Academy/a_Resources' is clicked on

2019-10-22 13:47:33 - [TEST_STEP][PASSED] - click(findTestObject("Object Repository/Page_Mad Irish Hacking Academy/a_Newsletter")): Object: 'Object Repository/Page_Mad Irish Hacking Academy/a_Newsletter' is clicked on

2019-10-22 13:47:33 - [MESSAGE][PASSED] - Object: 'Object Repository/Page_Mad Irish Hacking Academy/a_Newsletter' is clicked on

2019-10-22 13:47:33 - [TEST_STEP][PASSED] - click(findTestObject("Object Repository/Page_Mad Irish Hacking Academy/a_Resources")): Object: 'Object Repository/Page_Mad Irish Hacking Academy/a_Resources' is clicked on

2019-10-22 13:47:33 - [MESSAGE][PASSED] - Object: 'Object Repository/Page_Mad Irish Hacking Academy/a_Resources' is clicked on

2019-10-22 13:47:33 - [TEST_STEP][PASSED] - click(findTestObject("Object Repository/Page_Mad Irish Hacking Academy/a_Create account")): Object: 'Object Repository/Page_Mad Irish Hacking Academy/a_Create account' is clicked on

2019-10-22 13:47:33 - [MESSAGE][PASSED] - Object: 'Object Repository/Page_Mad Irish Hacking Academy/a_Create account' is clicked on

2019-10-22 13:47:33 - [TEST_STEP][PASSED] - setText(findTestObject("Object Repository/Page_Mad Irish Hacking Academy/input_Create account_username"), "test123@welfare.ie"): Text 'test123@welfare.ie' is set on object 'Object Repository/Page_Mad Irish Hacking Academy/input_Create account_username'

2019-10-22 13:47:33 - [MESSAGE][PASSED] - Text 'test123@welfare.ie' is set on object 'Object Repository/Page_Mad Irish Hacking Academy/input_Create account_username'

2019-10-22 13:47:33 - [TEST_STEP][PASSED] - setEncryptedText(findTestObject("Object Repository/Page_Mad Irish Hacking Academy/input_Create account_password"), "qP8g4ZP8zmxOyEuCUr69QQ=="): Text ****** has been set on object 'Object Repository/Page_Mad Irish Hacking Academy/input_Create account_password'

2019-10-22 13:47:34 - [MESSAGE][PASSED] - Text ****** has been set on object 'Object Repository/Page_Mad Irish Hacking Academy/input_Create account_password'

2019-10-22 13:47:34 - [TEST_STEP][PASSED] - click(findTestObject("Object Repository/Page_Mad Irish Hacking Academy/button_Sign in")): Object: 'Object Repository/Page_Mad Irish Hacking Academy/button_Sign in' is clicked on

2019-10-22 13:47:34 - [MESSAGE][PASSED] - Object: 'Object Repository/Page_Mad Irish Hacking Academy/button_Sign in' is clicked on

2019-10-22 13:47:34 - [TEST_STEP][PASSED] - setText(findTestObject("Object Repository/Page_Mad Irish Hacking Academy/input_Email_email"), "test@welfare.ie"): Text 'test@welfare.ie' is set on object 'Object Repository/Page_Mad Irish Hacking Academy/input_Email_email'

2019-10-22 13:47:34 - [MESSAGE][PASSED] - Text 'test@welfare.ie' is set on object 'Object Repository/Page_Mad Irish Hacking Academy/input_Email_email'

2019-10-22 13:47:34 - [TEST_STEP][PASSED] - setEncryptedText(findTestObject("Object Repository/Page_Mad Irish Hacking Academy/input_Password_password"), "Wt9tj4kC2zrPXzAR6+1IxQ=="): Text ****** has been set on object 'Object Repository/Page_Mad Irish Hacking Academy/input_Password_password'

2019-10-22 13:47:34 - [MESSAGE][PASSED] - Text ****** has been set on object 'Object Repository/Page_Mad Irish Hacking Academy/input_Password_password'

2019-10-22 13:47:34 - [TEST_STEP][PASSED] - click(findTestObject("Object Repository/Page_Mad Irish Hacking Academy/button_Register")): Object: 'Object Repository/Page_Mad Irish Hacking Academy/button_Register' is clicked on

2019-10-22 13:47:34 - [MESSAGE][PASSED] - Object: 'Object Repository/Page_Mad Irish Hacking Academy/button_Register' is clicked on

2019-10-22 13:47:34 - [TEST_STEP][PASSED] - closeBrowser(): Browser is closed

2019-10-22 13:47:37 - [MESSAGE][PASSED] - Browser is closed</system-out>
            <system-err></system-err>
        </testcase>
        <system-out>2019-10-22 13:45:42 - [TEST_SUITE][INCOMPLETE] - showCaseTestSuite1: null</system-out>
        <system-err>2019-10-22 13:45:42 - [TEST_SUITE][INCOMPLETE] - showCaseTestSuite1: null</system-err>
    </testsuite>
</testsuites>
